<?xml version='1.0' encoding='utf-8'?>
<testsuite errors="2" failures="0" name="nosetests" skip="0" tests="15"><testcase classname="freshen.noseplugin.rentbuy page" name="Search by ISBN" time="133.764"><info>
Console Output:

2016-06-10 14:46:12,583 INFO Looking for book without a Guided Solution...
2016-06-10 14:47:02,772 INFO Looking for book without a Guided Solution...
2016-06-10 14:47:58,701 INFO 
2016-06-10 14:47:58,701 INFO go_to: http://www.chegg.com//?experiment=NONE0&amp;debug=experiment
2016-06-10 14:48:06,769 INFO wait_for_ready_state
2016-06-10 14:48:06,780 INFO chegg_wait_for_spinners
2016-06-10 14:48:06,839 INFO chegg_xdebug_checks
2016-06-10 14:48:06,846 INFO chegg_pixel_check
2016-06-10 14:48:06,932 INFO chegg_check_links
2016-06-10 14:48:06,947 INFO Deleting all cookies...
2016-06-10 14:48:07,044 INFO Refreshing page...
2016-06-10 14:48:09,690 INFO wait_for_page_to_load: 
2016-06-10 14:48:09,699 INFO wait_for_ready_state
2016-06-10 14:48:09,710 INFO chegg_wait_for_spinners
2016-06-10 14:48:09,756 INFO chegg_xdebug_checks
2016-06-10 14:48:09,777 INFO chegg_pixel_check
2016-06-10 14:48:09,898 INFO chegg_check_links
2016-06-10 14:48:09,909 INFO assert_images_loaded: 
2016-06-10 14:48:09,919 INFO write_into: autosuggest-input,0029121507 index=0
2016-06-10 14:48:11,561 INFO click: autosuggest-search-btn index=0
2016-06-10 14:48:12,132 INFO wait_for_ready_state
2016-06-10 14:48:12,181 INFO chegg_wait_for_spinners
2016-06-10 14:48:12,202 INFO waiting on div.chg-content to be visible
2016-06-10 14:48:12,877 INFO waiting on div.chg-content to be visible
2016-06-10 14:48:13,627 INFO chegg_xdebug_checks
2016-06-10 14:48:13,637 INFO chegg_pixel_check
2016-06-10 14:48:14,707 INFO chegg_check_links
2016-06-10 14:48:14,726 INFO 
2016-06-10 14:48:14,726 INFO go_to: 'http://www.chegg.com/books#rentbuy/?action=signup&amp;experiment=NONE0&amp;debug=experiment'
2016-06-10 14:48:16,955 INFO wait_for_ready_state
2016-06-10 14:48:16,960 INFO chegg_wait_for_spinners
2016-06-10 14:48:16,985 INFO chegg_xdebug_checks
2016-06-10 14:48:16,997 INFO chegg_pixel_check
2016-06-10 14:48:17,056 INFO chegg_check_links
2016-06-10 14:48:17,083 INFO write_into: 'autosuggest-input','0029121507' index=0
2016-06-10 14:48:18,250 INFO click: 'autosuggest-search-btn' index=0
2016-06-10 14:48:18,641 INFO wait_for_ready_state
2016-06-10 14:48:18,799 INFO chegg_wait_for_spinners
2016-06-10 14:48:18,809 INFO waiting on div.chg-content to be visible
2016-06-10 14:48:19,517 INFO waiting on div.chg-content to be visible
2016-06-10 14:48:20,835 INFO chegg_xdebug_checks
2016-06-10 14:48:20,851 INFO chegg_pixel_check
2016-06-10 14:48:21,000 INFO chegg_check_links
2016-06-10 14:48:21,013 INFO assert_text_visible: 'ISBN:' case_sensitive=False
2016-06-10 14:48:21,609 INFO assert_text_visible: '0029121507' case_sensitive=False



</info></testcase><testcase classname="freshen.noseplugin.rentbuy page" name="Search by ISBN and validate auto-suggest shows up" time="66.843"><info>
Console Output:

2016-06-10 14:48:26,813 INFO screenshot: 'Search by ISBN and validate auto-suggest shows up (before).png'
2016-06-10 14:48:27,129 INFO not restaring selenium session, suite still /Users/sshrimali/git/core/Chegg.Site/test/fesite/rentbuy.page.feature
2016-06-10 14:48:27,130 INFO Looking for book without a Guided Solution...
2016-06-10 14:48:48,388 INFO Looking for book without a Guided Solution...
2016-06-10 14:49:18,677 INFO 
2016-06-10 14:49:18,677 INFO go_to: http://www.chegg.com//?experiment=NONE0&amp;debug=experiment
2016-06-10 14:49:20,475 INFO wait_for_ready_state
2016-06-10 14:49:20,482 INFO chegg_wait_for_spinners
2016-06-10 14:49:20,505 INFO chegg_xdebug_checks
2016-06-10 14:49:20,513 INFO chegg_pixel_check
2016-06-10 14:49:20,575 INFO chegg_check_links
2016-06-10 14:49:20,586 INFO Deleting all cookies...
2016-06-10 14:49:20,634 INFO Refreshing page...
2016-06-10 14:49:22,657 INFO wait_for_page_to_load: 
2016-06-10 14:49:22,665 INFO wait_for_ready_state
2016-06-10 14:49:22,672 INFO chegg_wait_for_spinners
2016-06-10 14:49:22,700 INFO chegg_xdebug_checks
2016-06-10 14:49:22,708 INFO chegg_pixel_check
2016-06-10 14:49:22,756 INFO chegg_check_links
2016-06-10 14:49:22,765 INFO assert_images_loaded: 
2016-06-10 14:49:22,772 INFO write_into: autosuggest-input,0471477532 index=0
2016-06-10 14:49:23,689 INFO click: autosuggest-search-btn index=0
2016-06-10 14:49:24,054 INFO wait_for_ready_state
2016-06-10 14:49:24,103 INFO chegg_wait_for_spinners
2016-06-10 14:49:24,115 INFO chegg_xdebug_checks
2016-06-10 14:49:24,120 INFO chegg_pixel_check
2016-06-10 14:49:24,153 INFO chegg_check_links
2016-06-10 14:49:24,180 INFO 
2016-06-10 14:49:24,180 INFO go_to: 'http://www.chegg.com/books#rentbuy/?action=signup&amp;experiment=NONE0&amp;debug=experiment'
2016-06-10 14:49:25,531 INFO wait_for_ready_state
2016-06-10 14:49:25,536 INFO chegg_wait_for_spinners
2016-06-10 14:49:25,558 INFO chegg_xdebug_checks
2016-06-10 14:49:25,564 INFO chegg_pixel_check
2016-06-10 14:49:25,610 INFO chegg_check_links
2016-06-10 14:49:25,616 INFO write_into: 'autosuggest-input','0471477532' index=0
2016-06-10 14:49:26,490 INFO Element '.book-result' visible.
2016-06-10 14:49:26,491 INFO assert_text_visible: '0471477532 in Books' case_sensitive=False
2016-06-10 14:49:27,096 INFO assert_text_visible: '0471477532 in Textbook Solution' case_sensitive=False
2016-06-10 14:49:27,616 INFO assert_text_visible: '0471477532 in Q&amp;A' case_sensitive=False
2016-06-10 14:49:28,132 INFO assert_text_visible: '0471477532 in Tutors' case_sensitive=False
2016-06-10 14:49:28,648 INFO assert_elements_visible: ['.book-result']
2016-06-10 14:49:28,691 INFO click: '.img-wrapper' index=0
2016-06-10 14:49:28,938 INFO wait_for_ready_state
2016-06-10 14:49:28,943 INFO chegg_wait_for_spinners
2016-06-10 14:49:28,953 INFO chegg_xdebug_checks
2016-06-10 14:49:28,958 INFO chegg_pixel_check
2016-06-10 14:49:29,003 INFO chegg_check_links
2016-06-10 14:49:29,008 INFO assert_text_visible: 'ISBN:' case_sensitive=False
2016-06-10 14:49:33,140 INFO assert_text_visible: '0471477532' case_sensitive=False



</info></testcase><testcase classname="freshen.noseplugin.rentbuy page" name="Search by subject" time="8.385"><info>
Console Output:

2016-06-10 14:49:34,298 INFO screenshot: 'Search by subject (before).png'
2016-06-10 14:49:34,605 INFO not restaring selenium session, suite still /Users/sshrimali/git/core/Chegg.Site/test/fesite/rentbuy.page.feature
2016-06-10 14:49:34,614 INFO 
2016-06-10 14:49:34,614 INFO go_to: 'http://www.chegg.com/books#rentbuy/?action=signup&amp;experiment=NONE0&amp;debug=experiment'
2016-06-10 14:49:36,397 INFO wait_for_ready_state
2016-06-10 14:49:36,404 INFO chegg_wait_for_spinners
2016-06-10 14:49:36,423 INFO chegg_xdebug_checks
2016-06-10 14:49:36,429 INFO chegg_pixel_check
2016-06-10 14:49:36,479 INFO chegg_check_links
2016-06-10 14:49:36,487 INFO write_into: 'autosuggest-input','Biology' index=0
2016-06-10 14:49:37,371 INFO click: 'autosuggest-search-btn' index=0
2016-06-10 14:49:37,955 INFO wait_for_ready_state
2016-06-10 14:49:38,041 INFO chegg_wait_for_spinners
2016-06-10 14:49:38,069 INFO waiting on div.chg-content to be visible
2016-06-10 14:49:38,584 INFO chegg_xdebug_checks
2016-06-10 14:49:38,594 INFO chegg_pixel_check
2016-06-10 14:49:42,087 INFO chegg_check_links
2016-06-10 14:49:42,093 INFO assert_text_visible: 'Biology' case_sensitive=False
2016-06-10 14:49:42,609 INFO assert_elements_visible: ['.active[data-id="All matches"]']



</info></testcase><testcase classname="freshen.noseplugin.rentbuy page" name="Search by subject and validate auto-suggest shows up" time="8.951"><info>
Console Output:

2016-06-10 14:49:42,940 INFO screenshot: 'Search by subject and validate auto-suggest shows up (before).png'
2016-06-10 14:49:43,305 INFO not restaring selenium session, suite still /Users/sshrimali/git/core/Chegg.Site/test/fesite/rentbuy.page.feature
2016-06-10 14:49:43,313 INFO 
2016-06-10 14:49:43,314 INFO go_to: 'http://www.chegg.com/books#rentbuy/?action=signup&amp;experiment=NONE0&amp;debug=experiment'
2016-06-10 14:49:45,017 INFO wait_for_ready_state
2016-06-10 14:49:45,022 INFO chegg_wait_for_spinners
2016-06-10 14:49:45,051 INFO chegg_xdebug_checks
2016-06-10 14:49:45,070 INFO chegg_pixel_check
2016-06-10 14:49:45,106 INFO chegg_check_links
2016-06-10 14:49:45,111 INFO write_into: 'autosuggest-input','Biology' index=0
2016-06-10 14:49:46,033 INFO assert_text_visible: 'Biology in Books' case_sensitive=False
2016-06-10 14:49:46,671 INFO assert_text_visible: 'Biology in Textbook Solution' case_sensitive=False
2016-06-10 14:49:47,188 INFO assert_text_visible: 'Biology in Q&amp;A' case_sensitive=False
2016-06-10 14:49:47,705 INFO assert_text_visible: 'Biology in Tutors' case_sensitive=False
2016-06-10 14:49:48,224 INFO assert_elements_visible: ['.book-result']
2016-06-10 14:49:48,278 INFO click: '.img-wrapper' index=0
2016-06-10 14:49:48,656 INFO wait_for_ready_state
2016-06-10 14:49:48,674 INFO chegg_wait_for_spinners
2016-06-10 14:49:48,694 INFO waiting on div.chg-content to be visible
2016-06-10 14:49:49,209 INFO waiting on div.chg-content to be visible
2016-06-10 14:49:50,314 INFO chegg_xdebug_checks
2016-06-10 14:49:50,323 INFO chegg_pixel_check
2016-06-10 14:49:50,396 INFO chegg_check_links
2016-06-10 14:49:50,407 INFO assert_text_visible: 'Biology' case_sensitive=False



</info></testcase><testcase classname="freshen.noseplugin.rentbuy page" name="Search by subject and validate Result type" time="33.536"><error type="cheggtest.exceptions.CheggTestException">
Console Output:

2016-06-10 14:49:52,321 INFO screenshot: 'Search by subject and validate Result type (before).png'
2016-06-10 14:49:52,631 INFO not restaring selenium session, suite still /Users/sshrimali/git/core/Chegg.Site/test/fesite/rentbuy.page.feature
2016-06-10 14:49:52,639 INFO 
2016-06-10 14:49:52,639 INFO go_to: 'http://www.chegg.com/books#rentbuy/?action=signup&amp;experiment=NONE0&amp;debug=experiment'
2016-06-10 14:49:53,976 INFO wait_for_ready_state
2016-06-10 14:49:54,028 INFO chegg_wait_for_spinners
2016-06-10 14:49:54,060 INFO chegg_xdebug_checks
2016-06-10 14:49:54,064 INFO chegg_pixel_check
2016-06-10 14:49:54,115 INFO chegg_check_links
2016-06-10 14:49:54,120 INFO write_into: 'autosuggest-input','Biology' index=0
2016-06-10 14:49:54,977 INFO assert_text_visible: 'View all results' case_sensitive=False
2016-06-10 14:49:55,760 INFO click: '.view-all-link' index=0
2016-06-10 14:50:25,863 INFO 
2016-06-10 14:50:25,863 ERROR   File "/usr/local/lib/python2.7/site-packages/cheggtest-0.2.1462906634-py2.7.egg/cheggtest/steps.py", line 45, in subwrapper
2016-06-10 14:50:25,864 ERROR     return func(*_process_args(args), **kwargs)
2016-06-10 14:50:25,864 ERROR   File "/Users/sshrimali/git/core/Chegg.Site/test/fesite/site_steps.py", line 504, in when_i_click
2016-06-10 14:50:25,864 ERROR     websteps.when_i_click(_on, _the, which, name)
2016-06-10 14:50:25,864 ERROR   File "/usr/local/lib/python2.7/site-packages/freshen-0.3.1.33-py2.7.egg/freshen/stepregistry.py", line 59, in __call__
2016-06-10 14:50:25,865 ERROR     return self.func(*args, **kwargs)
2016-06-10 14:50:25,865 ERROR   File "/usr/local/lib/python2.7/site-packages/cheggtest-0.2.1462906634-py2.7.egg/cheggtest/steps.py", line 70, in subwrapper
2016-06-10 14:50:25,865 ERROR     return func(*_process_args(args), **kwargs)
2016-06-10 14:50:25,865 ERROR   File "/usr/local/lib/python2.7/site-packages/cheggtest-0.2.1462906634-py2.7.egg/cheggtest/websteps/websteps.py", line 152, in when_i_click
2016-06-10 14:50:25,866 ERROR     __i_click(name, which)
2016-06-10 14:50:25,866 ERROR   File "/usr/local/lib/python2.7/site-packages/cheggtest-0.2.1462906634-py2.7.egg/cheggtest/websteps/websteps.py", line 137, in __i_click
2016-06-10 14:50:25,866 ERROR     webtest.click(name, index=which)
2016-06-10 14:50:25,866 ERROR   File "/usr/local/lib/python2.7/site-packages/cheggtest-0.2.1462906634-py2.7.egg/cheggtest/logger.py", line 51, in wrap
2016-06-10 14:50:25,866 ERROR     return func(*args, **kwargs)
2016-06-10 14:50:25,866 ERROR   File "/usr/local/lib/python2.7/site-packages/cheggtest-0.2.1462906634-py2.7.egg/cheggtest/webtest/webtest.py", line 522, in click
2016-06-10 14:50:25,867 ERROR     raise CheggTestException("no elements found")
2016-06-10 14:50:25,874 INFO Current browser cookies at /Users/sshrimali/git/core/Chegg.Site/test/results/result-1465595160/Search by subject and validate Result type_browser_cookies.json
2016-06-10 14:50:55,898 INFO AJAX API Stacktrace: none

  File "/usr/local/lib/python2.7/site-packages/cheggtest-0.2.1462906634-py2.7.egg/cheggtest/steps.py", line 45, in subwrapper
    return func(*_process_args(args), **kwargs)
  File "/Users/sshrimali/git/core/Chegg.Site/test/fesite/site_steps.py", line 504, in when_i_click
    websteps.when_i_click(_on, _the, which, name)
  File "/usr/local/lib/python2.7/site-packages/freshen-0.3.1.33-py2.7.egg/freshen/stepregistry.py", line 59, in __call__
    return self.func(*args, **kwargs)
  File "/usr/local/lib/python2.7/site-packages/cheggtest-0.2.1462906634-py2.7.egg/cheggtest/steps.py", line 70, in subwrapper
    return func(*_process_args(args), **kwargs)
  File "/usr/local/lib/python2.7/site-packages/cheggtest-0.2.1462906634-py2.7.egg/cheggtest/websteps/websteps.py", line 152, in when_i_click
    __i_click(name, which)
  File "/usr/local/lib/python2.7/site-packages/cheggtest-0.2.1462906634-py2.7.egg/cheggtest/websteps/websteps.py", line 137, in __i_click
    webtest.click(name, index=which)
  File "/usr/local/lib/python2.7/site-packages/cheggtest-0.2.1462906634-py2.7.egg/cheggtest/logger.py", line 51, in wrap
    return func(*args, **kwargs)
  File "/usr/local/lib/python2.7/site-packages/cheggtest-0.2.1462906634-py2.7.egg/cheggtest/webtest/webtest.py", line 522, in click
    raise CheggTestException("no elements found")
'no elements found\n\n@smoke  @search_smoke\nFeature: rentbuy page\n  Scenario: Search by subject and validate Result type\n    Given I go to the URL: books#rentbuy/?action=signup&amp;experiment=NONE0&amp;debug=experiment# fesite/rentbuy.page.feature:45 , PASSED\n     Then I type Biology into autosuggest-input                                 # fesite/rentbuy.page.feature:46 , PASSED\n     Then I should see the text View all results                                # fesite/rentbuy.page.feature:47 , PASSED\n     Then I click .view-all-link                                                # fesite/rentbuy.page.feature:48 , FAILED\n     Then I should see the text Biology                                         # fesite/rentbuy.page.feature:49 \n     Then I should see the elements .active[data-id=Books]                      # fesite/rentbuy.page.feature:50 '


</error></testcase><testcase classname="freshen.noseplugin.search page" name="validate search serp filter" time="35.333"><info>
Console Output:

2016-06-10 14:50:56,670 INFO screenshot: 'validate search serp filter (before).png'
2016-06-10 14:50:57,321 INFO restarting selenium session
2016-06-10 14:51:00,034 INFO 
2016-06-10 14:51:00,035 INFO go_to: 'http://www.chegg.com/search/Biology/federated/?action=signup&amp;experiment=NONE0&amp;debug=experiment'
2016-06-10 14:51:09,016 INFO wait_for_ready_state
2016-06-10 14:51:09,022 INFO chegg_wait_for_spinners
2016-06-10 14:51:09,050 INFO chegg_xdebug_checks
2016-06-10 14:51:09,063 INFO chegg_pixel_check
2016-06-10 14:51:09,128 INFO chegg_check_links
2016-06-10 14:51:09,135 INFO click: 'All matches' index=0
2016-06-10 14:51:09,507 INFO wait_for_ready_state
2016-06-10 14:51:09,518 INFO chegg_wait_for_spinners
2016-06-10 14:51:09,537 INFO waiting on div.chg-content to be visible
2016-06-10 14:51:12,959 INFO chegg_xdebug_checks
2016-06-10 14:51:12,965 INFO chegg_pixel_check
2016-06-10 14:51:13,011 INFO chegg_check_links
2016-06-10 14:51:13,018 INFO assert_elements_visible: ['.active[data-id="All matches"]']
2016-06-10 14:51:13,097 INFO assert_elements_visible: set(['.vertical a'])
2016-06-10 14:51:13,255 INFO Element '.vertical a' displays expected text: 'All'
2016-06-10 14:51:13,257 INFO click: 'Textbook solutions' index=0
2016-06-10 14:51:13,852 INFO wait_for_ready_state
2016-06-10 14:51:13,859 INFO chegg_wait_for_spinners
2016-06-10 14:51:13,875 INFO chegg_xdebug_checks
2016-06-10 14:51:13,880 INFO chegg_pixel_check
2016-06-10 14:51:14,151 INFO chegg_check_links
2016-06-10 14:51:14,172 INFO assert_elements_visible: ['.active[data-id="Textbook solutions"]']
2016-06-10 14:51:14,626 INFO assert_elements_visible: set(['.vertical strong'])
2016-06-10 14:51:14,716 INFO Element '.vertical strong' displays expected text: 'Textbook solutions'
2016-06-10 14:51:14,717 INFO click: 'Expert Q&amp;A' index=0
2016-06-10 14:51:16,933 INFO wait_for_ready_state
2016-06-10 14:51:16,945 INFO chegg_wait_for_spinners
2016-06-10 14:51:16,959 INFO chegg_xdebug_checks
2016-06-10 14:51:16,964 INFO chegg_pixel_check
2016-06-10 14:51:17,038 INFO chegg_check_links
2016-06-10 14:51:17,044 INFO assert_elements_visible: ['.active[data-id="Expert Q&amp;A"]']
2016-06-10 14:51:21,029 INFO assert_elements_visible: set(['.vertical strong'])
2016-06-10 14:51:21,098 INFO Element '.vertical strong' displays expected text: 'Expert Q&amp;A'
2016-06-10 14:51:21,098 INFO click: 'Tutors' index=0
2016-06-10 14:51:24,123 INFO wait_for_ready_state
2016-06-10 14:51:24,133 INFO chegg_wait_for_spinners
2016-06-10 14:51:24,159 INFO chegg_xdebug_checks
2016-06-10 14:51:24,548 INFO chegg_pixel_check
2016-06-10 14:51:24,602 INFO chegg_check_links
2016-06-10 14:51:24,611 INFO assert_elements_visible: ['.active[data-id="Tutors"]']
2016-06-10 14:51:24,667 INFO assert_elements_visible: set(['.vertical strong'])
2016-06-10 14:51:24,773 INFO Element '.vertical strong' displays expected text: 'Tutors'
2016-06-10 14:51:24,774 INFO click: 'Books' index=0
2016-06-10 14:51:25,261 INFO wait_for_ready_state
2016-06-10 14:51:25,275 INFO chegg_wait_for_spinners
2016-06-10 14:51:25,356 INFO waiting on div.chg-content to be visible
2016-06-10 14:51:25,874 INFO chegg_xdebug_checks
2016-06-10 14:51:25,880 INFO chegg_pixel_check
2016-06-10 14:51:26,398 INFO chegg_check_links
2016-06-10 14:51:26,428 INFO assert_elements_visible: ['.active[data-id="Books"]']
2016-06-10 14:51:26,490 INFO assert_elements_visible: set(['.vertical strong'])
2016-06-10 14:51:26,649 INFO Element '.vertical strong' displays expected text: 'Books'
2016-06-10 14:51:26,650 INFO click: 'book-img-3' index=0
2016-06-10 14:51:27,556 INFO wait_for_ready_state
2016-06-10 14:51:27,587 INFO chegg_wait_for_spinners
2016-06-10 14:51:27,624 INFO waiting on div.chg-content to be visible
2016-06-10 14:51:28,137 INFO waiting on div.chg-content to be visible
2016-06-10 14:51:28,761 INFO chegg_xdebug_checks
2016-06-10 14:51:31,737 INFO chegg_pixel_check
2016-06-10 14:51:31,785 INFO chegg_check_links
2016-06-10 14:51:31,797 INFO assert_elements_visible: ['.txt-hdr-dark']
2016-06-10 14:51:31,847 INFO assert_elements_visible: ['.book-details-container']
2016-06-10 14:51:31,914 INFO assert_elements_visible: ['.book-details-container']
2016-06-10 14:51:31,942 INFO assert_elements_visible: ['.pricebox-col']



</info></testcase><testcase classname="freshen.noseplugin.search page" name="validate search field" time="7.629"><info>
Console Output:

2016-06-10 14:51:32,668 INFO screenshot: 'validate search field (before).png'
2016-06-10 14:51:33,100 INFO not restaring selenium session, suite still /Users/sshrimali/git/core/Chegg.Site/test/fesite/search.page.feature
2016-06-10 14:51:33,111 INFO 
2016-06-10 14:51:33,111 INFO go_to: 'http://www.chegg.com/search/?action=signup&amp;experiment=NONE0&amp;debug=experiment'
2016-06-10 14:51:36,962 INFO wait_for_ready_state
2016-06-10 14:51:36,970 INFO chegg_wait_for_spinners
2016-06-10 14:51:37,025 INFO chegg_xdebug_checks
2016-06-10 14:51:37,035 INFO chegg_pixel_check
2016-06-10 14:51:37,081 INFO chegg_check_links
2016-06-10 14:51:37,093 INFO click: '.overlay' index=0
2016-06-10 14:51:37,259 INFO wait_for_ready_state
2016-06-10 14:51:37,265 INFO chegg_wait_for_spinners
2016-06-10 14:51:37,279 INFO chegg_xdebug_checks
2016-06-10 14:51:37,284 INFO chegg_pixel_check
2016-06-10 14:51:37,331 INFO chegg_check_links
2016-06-10 14:51:37,337 INFO write_into: 'autosuggest-input','Biology' index=0
2016-06-10 14:51:38,134 INFO assert_text_visible: 'Biology in Books' case_sensitive=False
2016-06-10 14:51:38,714 INFO assert_text_visible: 'Biology in Textbook Solution' case_sensitive=False
2016-06-10 14:51:39,230 INFO assert_text_visible: 'Biology in Q&amp;A' case_sensitive=False
2016-06-10 14:51:39,746 INFO assert_text_visible: 'Biology in Tutors' case_sensitive=False
2016-06-10 14:51:40,262 INFO assert_elements_visible: ['.book-result']



</info></testcase><testcase classname="freshen.noseplugin.testing book pdp" name="main info about book" time="253.232"><info>
Console Output:

2016-06-10 14:51:40,619 INFO screenshot: 'main info about book (before).png'
2016-06-10 14:51:40,853 INFO restarting selenium session
2016-06-10 14:51:43,576 INFO Looking for ebook without a Guided Solution...
2016-06-10 14:52:53,849 INFO Looking for ebook without a Guided Solution...
2016-06-10 14:53:24,249 INFO Looking for ebook without a Guided Solution...
2016-06-10 14:55:23,532 INFO Looking for ebook without a Guided Solution...
2016-06-10 14:55:35,785 INFO 
2016-06-10 14:55:35,786 INFO go_to: http://www.chegg.com//?experiment=NONE0&amp;debug=experiment
2016-06-10 14:55:41,707 INFO wait_for_ready_state
2016-06-10 14:55:41,719 INFO chegg_wait_for_spinners
2016-06-10 14:55:41,754 INFO chegg_xdebug_checks
2016-06-10 14:55:41,761 INFO chegg_pixel_check
2016-06-10 14:55:41,822 INFO chegg_check_links
2016-06-10 14:55:41,835 INFO Deleting all cookies...
2016-06-10 14:55:41,909 INFO Refreshing page...
2016-06-10 14:55:44,454 INFO wait_for_page_to_load: 
2016-06-10 14:55:44,459 INFO wait_for_ready_state
2016-06-10 14:55:44,467 INFO chegg_wait_for_spinners
2016-06-10 14:55:44,491 INFO chegg_xdebug_checks
2016-06-10 14:55:44,497 INFO chegg_pixel_check
2016-06-10 14:55:44,549 INFO chegg_check_links
2016-06-10 14:55:44,558 INFO assert_images_loaded: 
2016-06-10 14:55:44,567 INFO write_into: autosuggest-input,0803636113 index=0
2016-06-10 14:55:45,608 INFO click: autosuggest-search-btn index=0
2016-06-10 14:55:46,000 INFO wait_for_ready_state
2016-06-10 14:55:46,006 INFO chegg_wait_for_spinners
2016-06-10 14:55:46,017 INFO waiting on div.chg-content to be visible
2016-06-10 14:55:46,826 INFO waiting on div.chg-content to be visible
2016-06-10 14:55:47,725 INFO chegg_xdebug_checks
2016-06-10 14:55:48,540 INFO chegg_pixel_check
2016-06-10 14:55:48,774 INFO chegg_check_links
2016-06-10 14:55:48,790 INFO assert_elements_visible: ['.txt-hdr-dark']
2016-06-10 14:55:48,859 INFO assert_elements_visible: ['pdpBookImage']
2016-06-10 14:55:52,746 INFO assert_text_visible: 'ISBN' case_sensitive=False
2016-06-10 14:55:53,283 INFO assert_text_visible: 'ISBN-13' case_sensitive=False
2016-06-10 14:55:53,810 INFO assert_elements_visible: ['.author-container']



</info></testcase><testcase classname="freshen.noseplugin.testing book pdp" name="pricebox block" time="107.189"><info>
Console Output:

2016-06-10 14:55:54,452 INFO screenshot: 'pricebox block (before).png'
2016-06-10 14:55:54,822 INFO not restaring selenium session, suite still /Users/sshrimali/git/core/Chegg.Site/test/fesite/site.bookpdp.feature
2016-06-10 14:55:54,822 INFO Looking for book without a Guided Solution...
2016-06-10 14:56:01,500 INFO 
2016-06-10 14:56:01,500 INFO go_to: http://www.chegg.com//?experiment=NONE0&amp;debug=experiment
2016-06-10 14:56:03,468 INFO wait_for_ready_state
2016-06-10 14:56:03,510 INFO chegg_wait_for_spinners
2016-06-10 14:56:03,553 INFO chegg_xdebug_checks
2016-06-10 14:56:03,563 INFO chegg_pixel_check
2016-06-10 14:56:03,622 INFO chegg_check_links
2016-06-10 14:56:03,633 INFO Deleting all cookies...
2016-06-10 14:56:03,715 INFO Refreshing page...
2016-06-10 14:56:06,745 INFO wait_for_page_to_load: 
2016-06-10 14:56:06,752 INFO wait_for_ready_state
2016-06-10 14:56:06,757 INFO chegg_wait_for_spinners
2016-06-10 14:56:06,778 INFO chegg_xdebug_checks
2016-06-10 14:56:06,783 INFO chegg_pixel_check
2016-06-10 14:56:06,823 INFO chegg_check_links
2016-06-10 14:56:06,828 INFO assert_images_loaded: 
2016-06-10 14:56:06,840 INFO write_into: autosuggest-input,0495095648 index=0
2016-06-10 14:56:08,091 INFO click: autosuggest-search-btn index=0
2016-06-10 14:56:08,474 INFO wait_for_ready_state
2016-06-10 14:56:08,495 INFO chegg_wait_for_spinners
2016-06-10 14:56:08,515 INFO waiting on div.chg-content to be visible
2016-06-10 14:56:09,538 INFO waiting on div.chg-content to be visible
2016-06-10 14:56:10,664 INFO chegg_xdebug_checks
2016-06-10 14:56:10,669 INFO chegg_pixel_check
2016-06-10 14:56:10,735 INFO chegg_check_links
2016-06-10 14:56:20,830 INFO Element 'eggshell-pricebox' visible.
2016-06-10 14:56:20,831 INFO click: 'div.rent label.form-radio' index=0
2016-06-10 14:56:20,996 INFO wait_for_ready_state
2016-06-10 14:56:21,001 INFO chegg_wait_for_spinners
2016-06-10 14:56:21,010 INFO chegg_xdebug_checks
2016-06-10 14:56:21,015 INFO chegg_pixel_check
2016-06-10 14:56:21,042 INFO chegg_check_links
2016-06-10 14:56:21,048 INFO assert_elements_visible: ['bannerGuaranteeCompact21']
2016-06-10 14:56:21,081 INFO assert_elements_visible: ['div.rent div.pricebox-description']
2016-06-10 14:56:21,124 INFO Looking for book without a Guided Solution...
2016-06-10 14:56:40,781 INFO 
2016-06-10 14:56:40,781 INFO go_to: http://www.chegg.com//?experiment=NONE0&amp;debug=experiment
2016-06-10 14:56:43,294 INFO wait_for_ready_state
2016-06-10 14:56:43,300 INFO chegg_wait_for_spinners
2016-06-10 14:56:43,322 INFO chegg_xdebug_checks
2016-06-10 14:56:43,327 INFO chegg_pixel_check
2016-06-10 14:56:43,358 INFO chegg_check_links
2016-06-10 14:56:43,367 INFO Deleting all cookies...
2016-06-10 14:56:43,416 INFO Refreshing page...
2016-06-10 14:56:45,640 INFO wait_for_page_to_load: 
2016-06-10 14:56:45,646 INFO wait_for_ready_state
2016-06-10 14:56:45,651 INFO chegg_wait_for_spinners
2016-06-10 14:56:45,680 INFO chegg_xdebug_checks
2016-06-10 14:56:45,689 INFO chegg_pixel_check
2016-06-10 14:56:45,747 INFO chegg_check_links
2016-06-10 14:56:45,761 INFO assert_images_loaded: 
2016-06-10 14:56:45,769 INFO write_into: autosuggest-input,0393306135 index=0
2016-06-10 14:56:47,258 INFO click: autosuggest-search-btn index=0
2016-06-10 14:56:47,776 INFO wait_for_ready_state
2016-06-10 14:56:47,796 INFO chegg_wait_for_spinners
2016-06-10 14:56:47,819 INFO waiting on div.chg-content to be visible
2016-06-10 14:56:48,457 INFO waiting on div.chg-content to be visible
2016-06-10 14:56:52,205 INFO chegg_xdebug_checks
2016-06-10 14:56:52,211 INFO chegg_pixel_check
2016-06-10 14:56:52,251 INFO chegg_check_links
2016-06-10 14:57:02,346 INFO Element 'eggshell-pricebox' visible.
2016-06-10 14:57:02,348 INFO click: 'div.buy label.form-radio' index=0
2016-06-10 14:57:02,638 INFO wait_for_ready_state
2016-06-10 14:57:02,653 INFO chegg_wait_for_spinners
2016-06-10 14:57:02,676 INFO chegg_xdebug_checks
2016-06-10 14:57:02,684 INFO chegg_pixel_check
2016-06-10 14:57:02,730 INFO chegg_check_links
2016-06-10 14:57:02,737 INFO assert_elements_visible: ['bannerGuaranteeCompact21']
2016-06-10 14:57:02,787 INFO assert_elements_visible: ['div.buy div.pricebox-description']
2016-06-10 14:57:02,833 INFO Looking for ebook without a Guided Solution...
2016-06-10 14:57:21,810 INFO 
2016-06-10 14:57:21,810 INFO go_to: http://www.chegg.com//?experiment=NONE0&amp;debug=experiment
2016-06-10 14:57:23,684 INFO wait_for_ready_state
2016-06-10 14:57:23,690 INFO chegg_wait_for_spinners
2016-06-10 14:57:23,715 INFO chegg_xdebug_checks
2016-06-10 14:57:23,720 INFO chegg_pixel_check
2016-06-10 14:57:23,770 INFO chegg_check_links
2016-06-10 14:57:23,782 INFO Deleting all cookies...
2016-06-10 14:57:23,865 INFO Refreshing page...
2016-06-10 14:57:26,189 INFO wait_for_page_to_load: 
2016-06-10 14:57:26,194 INFO wait_for_ready_state
2016-06-10 14:57:26,201 INFO chegg_wait_for_spinners
2016-06-10 14:57:26,241 INFO chegg_xdebug_checks
2016-06-10 14:57:26,247 INFO chegg_pixel_check
2016-06-10 14:57:26,339 INFO chegg_check_links
2016-06-10 14:57:26,346 INFO assert_images_loaded: 
2016-06-10 14:57:26,353 INFO write_into: autosuggest-input,1133712940 index=0
2016-06-10 14:57:27,453 INFO click: autosuggest-search-btn index=0
2016-06-10 14:57:27,876 INFO wait_for_ready_state
2016-06-10 14:57:27,989 INFO chegg_wait_for_spinners
2016-06-10 14:57:28,011 INFO waiting on div.chg-content to be visible
2016-06-10 14:57:29,025 INFO waiting on div.chg-content to be visible
2016-06-10 14:57:30,174 INFO chegg_xdebug_checks
2016-06-10 14:57:30,180 INFO chegg_pixel_check
2016-06-10 14:57:31,027 INFO chegg_check_links
2016-06-10 14:57:41,075 INFO Element 'eggshell-pricebox' visible.
2016-06-10 14:57:41,076 INFO click: 'div.etextbook label.form-radio' index=0
2016-06-10 14:57:41,295 INFO wait_for_ready_state
2016-06-10 14:57:41,300 INFO chegg_wait_for_spinners
2016-06-10 14:57:41,310 INFO chegg_xdebug_checks
2016-06-10 14:57:41,315 INFO chegg_pixel_check
2016-06-10 14:57:41,345 INFO chegg_check_links
2016-06-10 14:57:41,350 INFO assert_elements_visible: ['bannerGuaranteeCompact14']
2016-06-10 14:57:41,383 INFO click: 'div.etextbook div.pricebox-price-option label.form-radio' index=1
2016-06-10 14:57:41,559 INFO wait_for_ready_state
2016-06-10 14:57:41,565 INFO chegg_wait_for_spinners
2016-06-10 14:57:41,575 INFO chegg_xdebug_checks
2016-06-10 14:57:41,579 INFO chegg_pixel_check
2016-06-10 14:57:41,606 INFO chegg_check_links
2016-06-10 14:57:41,610 INFO assert_elements_visible: ['div.etextbook div.pricebox-description']



</info></testcase><testcase classname="freshen.noseplugin.testing my account page" name="testing popups" time="96.965"><error type="cheggtest.exceptions.CheggTestException">
Console Output:

2016-06-10 14:57:42,084 INFO screenshot: 'testing popups (before).png'
2016-06-10 14:57:42,389 INFO restarting selenium session
2016-06-10 14:57:45,139 INFO generating new user...
2016-06-10 14:57:45,140 INFO Creating user...
2016-06-10 14:57:45,672 INFO New user id:56848651
2016-06-10 14:57:46,745 INFO Created new user (56848651) with email (test_be_user_20160610145745139704@chegg.com) &amp; password (Testing1).
2016-06-10 14:57:46,818 INFO 
2016-06-10 14:57:46,818 INFO go_to: 'http://www.chegg.com//auth?action=login&amp;experiment=NONE0&amp;debug=experiment'
2016-06-10 14:57:52,264 INFO wait_for_ready_state
2016-06-10 14:57:52,270 INFO chegg_wait_for_spinners
2016-06-10 14:57:52,327 INFO chegg_xdebug_checks
2016-06-10 14:57:52,344 INFO chegg_pixel_check
2016-06-10 14:57:52,397 INFO chegg_check_links
2016-06-10 14:57:52,402 INFO wait_for_page_to_load: 
2016-06-10 14:57:52,408 INFO wait_for_ready_state
2016-06-10 14:57:52,414 INFO chegg_wait_for_spinners
2016-06-10 14:57:52,421 INFO chegg_xdebug_checks
2016-06-10 14:57:52,427 INFO chegg_pixel_check
2016-06-10 14:57:52,475 INFO chegg_check_links
2016-06-10 14:57:52,480 INFO assert_images_loaded: 
2016-06-10 14:57:52,897 INFO wait_for_page_to_load: 
2016-06-10 14:57:52,902 INFO wait_for_ready_state
2016-06-10 14:57:52,907 INFO chegg_wait_for_spinners
2016-06-10 14:57:52,917 INFO chegg_xdebug_checks
2016-06-10 14:57:52,922 INFO chegg_pixel_check
2016-06-10 14:57:52,975 INFO chegg_check_links
2016-06-10 14:57:52,981 INFO assert_images_loaded: 
2016-06-10 14:57:53,033 INFO write_into: '.auth_collector_signin .email','test_be_user_20160610145745139704@chegg.com'
2016-06-10 14:57:53,529 INFO write_into: '.auth_collector_signin .password','Testing1'
2016-06-10 14:57:53,853 INFO click: 'submit'
2016-06-10 14:57:54,011 INFO wait_for_ready_state
2016-06-10 14:57:54,015 INFO chegg_wait_for_spinners
2016-06-10 14:57:54,028 INFO chegg_xdebug_checks
2016-06-10 14:57:54,032 INFO chegg_pixel_check
2016-06-10 14:57:54,066 INFO chegg_check_links
2016-06-10 14:57:54,072 INFO wait_for_page_to_load: 
2016-06-10 14:57:54,076 INFO wait_for_ready_state
2016-06-10 14:57:54,080 INFO chegg_wait_for_spinners
2016-06-10 14:57:54,087 INFO chegg_xdebug_checks
2016-06-10 14:57:54,091 INFO chegg_pixel_check
2016-06-10 14:57:54,127 INFO chegg_check_links
2016-06-10 14:57:54,132 INFO assert_images_loaded: 
2016-06-10 14:57:54,136 INFO wait_for_page_to_load: 
2016-06-10 14:57:54,140 INFO wait_for_ready_state
2016-06-10 14:57:54,144 INFO chegg_wait_for_spinners
2016-06-10 14:57:54,150 INFO chegg_xdebug_checks
2016-06-10 14:57:54,154 INFO chegg_pixel_check
2016-06-10 14:57:54,191 INFO chegg_check_links
2016-06-10 14:57:54,195 INFO assert_images_loaded: 
2016-06-10 14:58:00,136 INFO is_text_visible: 'My books &amp; solutions'
2016-06-10 14:58:01,214 INFO wait_for_page_to_load: 
2016-06-10 14:58:01,219 INFO wait_for_ready_state
2016-06-10 14:58:01,224 INFO chegg_wait_for_spinners
2016-06-10 14:58:01,234 INFO chegg_xdebug_checks
2016-06-10 14:58:01,239 INFO chegg_pixel_check
2016-06-10 14:58:01,299 INFO chegg_check_links
2016-06-10 14:58:01,306 INFO assert_images_loaded: 
2016-06-10 14:58:01,317 INFO Checking for Terms of use dialog...
2016-06-10 14:58:12,250 INFO Element 'cheggLogo' visible.
2016-06-10 14:58:12,261 INFO 
2016-06-10 14:58:12,261 INFO go_to: 'http://www.chegg.com/my/account/?experiment=NONE0&amp;debug=experiment'
2016-06-10 14:58:15,095 INFO wait_for_ready_state
2016-06-10 14:58:15,105 INFO chegg_wait_for_spinners
2016-06-10 14:58:15,128 INFO chegg_xdebug_checks
2016-06-10 14:58:15,142 INFO chegg_pixel_check
2016-06-10 14:58:15,216 INFO chegg_check_links
2016-06-10 14:58:15,222 INFO assert_elements_visible: ['editUserInfoLink']
2016-06-10 14:58:45,339 INFO Element 'editUserInfoLink' visible.
2016-06-10 14:58:45,340 INFO assert_elements_visible: ['editUserInfoLink']
2016-06-10 14:58:45,371 INFO click: 'Basic Info' index=0
2016-06-10 14:58:45,678 INFO wait_for_ready_state
2016-06-10 14:58:45,684 INFO chegg_wait_for_spinners
2016-06-10 14:58:45,697 INFO chegg_xdebug_checks
2016-06-10 14:58:45,705 INFO chegg_pixel_check
2016-06-10 14:58:45,753 INFO chegg_check_links
2016-06-10 14:58:45,760 INFO assert_elements_visible: ['userInfoDlgAccount']
2016-06-10 14:58:45,968 INFO click: '.cancel-text' index=0
2016-06-10 14:58:46,230 INFO wait_for_ready_state
2016-06-10 14:58:46,235 INFO chegg_wait_for_spinners
2016-06-10 14:58:46,247 INFO chegg_xdebug_checks
2016-06-10 14:58:46,252 INFO chegg_pixel_check
2016-06-10 14:58:46,313 INFO chegg_check_links
2016-06-10 14:58:46,318 INFO assert_elements_visible: ['changePasswordLink']
2016-06-10 14:58:46,378 INFO click: 'Change Password' index=0
2016-06-10 14:58:46,630 INFO wait_for_ready_state
2016-06-10 14:58:46,636 INFO chegg_wait_for_spinners
2016-06-10 14:58:46,644 INFO chegg_xdebug_checks
2016-06-10 14:58:46,649 INFO chegg_pixel_check
2016-06-10 14:58:46,690 INFO chegg_check_links
2016-06-10 14:58:46,694 INFO assert_elements_visible: ['changePasswordViewPopup']
2016-06-10 14:58:46,741 INFO click: 'a.cancel' index=0
2016-06-10 14:58:46,933 INFO wait_for_ready_state
2016-06-10 14:58:46,938 INFO chegg_wait_for_spinners
2016-06-10 14:58:46,947 INFO chegg_xdebug_checks
2016-06-10 14:58:46,952 INFO chegg_pixel_check
2016-06-10 14:58:46,986 INFO chegg_check_links
2016-06-10 14:58:46,991 INFO assert_elements_visible: ['editNotificationLink']
2016-06-10 14:58:47,026 INFO click: 'Notification Preferences' index=0
2016-06-10 14:58:47,180 INFO wait_for_ready_state
2016-06-10 14:58:47,185 INFO chegg_wait_for_spinners
2016-06-10 14:58:47,193 INFO chegg_xdebug_checks
2016-06-10 14:58:47,198 INFO chegg_pixel_check
2016-06-10 14:58:47,235 INFO chegg_check_links
2016-06-10 14:58:47,240 INFO assert_elements_visible: ['notificationDlg']
2016-06-10 14:58:47,274 INFO click: 'div.cancel-text' index=0
2016-06-10 14:58:48,453 INFO wait_for_ready_state
2016-06-10 14:58:48,459 INFO chegg_wait_for_spinners
2016-06-10 14:58:48,468 INFO chegg_xdebug_checks
2016-06-10 14:58:48,472 INFO chegg_pixel_check
2016-06-10 14:58:48,502 INFO chegg_check_links
2016-06-10 14:58:48,507 INFO assert_elements_visible: ['editBillingInfo']
2016-06-10 14:58:48,542 INFO click: 'Edit Payment Method' index=0
2016-06-10 14:58:48,723 INFO wait_for_ready_state
2016-06-10 14:58:48,729 INFO chegg_wait_for_spinners
2016-06-10 14:58:48,743 INFO chegg_xdebug_checks
2016-06-10 14:58:48,754 INFO chegg_pixel_check
2016-06-10 14:58:48,795 INFO chegg_check_links
2016-06-10 14:58:48,802 INFO assert_elements_visible: ['billingInfoDlgAccount']
2016-06-10 14:59:19,049 INFO 
2016-06-10 14:59:19,049 ERROR   File "/usr/local/lib/python2.7/site-packages/cheggtest-0.2.1462906634-py2.7.egg/cheggtest/steps.py", line 45, in subwrapper
2016-06-10 14:59:19,049 ERROR     return func(*_process_args(args), **kwargs)
2016-06-10 14:59:19,050 ERROR   File "/Users/sshrimali/git/core/Chegg.Site/test/fesite/site_steps.py", line 490, in then_should_see_elements
2016-06-10 14:59:19,050 ERROR     webtest.assert_elements_visible(elements)
2016-06-10 14:59:19,050 ERROR   File "/usr/local/lib/python2.7/site-packages/cheggtest-0.2.1462906634-py2.7.egg/cheggtest/logger.py", line 51, in wrap
2016-06-10 14:59:19,050 ERROR     return func(*args, **kwargs)
2016-06-10 14:59:19,050 ERROR   File "/usr/local/lib/python2.7/site-packages/cheggtest-0.2.1462906634-py2.7.egg/cheggtest/webtest/webtest.py", line 709, in assert_elements_visible
2016-06-10 14:59:19,050 ERROR     search_string)
2016-06-10 14:59:19,057 INFO Current browser cookies at /Users/sshrimali/git/core/Chegg.Site/test/results/result-1465595160/testing popups_browser_cookies.json
2016-06-10 14:59:49,074 INFO AJAX API Stacktrace: none

  File "/usr/local/lib/python2.7/site-packages/cheggtest-0.2.1462906634-py2.7.egg/cheggtest/steps.py", line 45, in subwrapper
    return func(*_process_args(args), **kwargs)
  File "/Users/sshrimali/git/core/Chegg.Site/test/fesite/site_steps.py", line 490, in then_should_see_elements
    webtest.assert_elements_visible(elements)
  File "/usr/local/lib/python2.7/site-packages/cheggtest-0.2.1462906634-py2.7.egg/cheggtest/logger.py", line 51, in wrap
    return func(*args, **kwargs)
  File "/usr/local/lib/python2.7/site-packages/cheggtest-0.2.1462906634-py2.7.egg/cheggtest/webtest/webtest.py", line 709, in assert_elements_visible
    search_string)
'unable to find element billingInfoDlgAccount\n\n@fid=984cbab\nFeature: testing my account page\n  @smoke @regression @sid=4de25b9 @bv=3 @my_account_smoke\n  Scenario: testing popups\n     Then I generate a new user and log in                                      # fesite/site.myaccount.feature:8 , PASSED\n     Then I wait 10 seconds for the 1st element: cheggLogo to be visible        # fesite/site.myaccount.feature:9 , PASSED\n     Then I go to the url: http://www.chegg.com/my/account/?experiment=NONE0&amp;debug=experiment# fesite/site.myaccount.feature:10 , PASSED\n     Then I should see the element editUserInfoLink                             # fesite/site.myaccount.feature:11 , PASSED\n     Then I wait 30 seconds for the 1st element: editUserInfoLink to be visible # fesite/site.myaccount.feature:12 , PASSED\n     Then I should see the element editUserInfoLink                             # fesite/site.myaccount.feature:15 , PASSED\n     Then I click editUserInfoLink                                              # fesite/site.myaccount.feature:16 , PASSED\n     Then I should see the element userInfoDlgAccount                           # fesite/site.myaccount.feature:17 , PASSED\n     Then I click userInfoDlgClose                                              # fesite/site.myaccount.feature:18 , PASSED\n     Then I should see the element changePasswordLink                           # fesite/site.myaccount.feature:21 , PASSED\n     Then I click changePasswordLink                                            # fesite/site.myaccount.feature:22 , PASSED\n     Then I should see the element changePasswordViewPopup                      # fesite/site.myaccount.feature:23 , PASSED\n     Then I click changePasswordViewPopupClose                                  # fesite/site.myaccount.feature:24 , PASSED\n     Then I should see the element editNotificationLink                         # fesite/site.myaccount.feature:27 , PASSED\n     Then I click editNotificationLink                                          # fesite/site.myaccount.feature:28 , PASSED\n     Then I should see the element notificationDlg                              # fesite/site.myaccount.feature:29 , PASSED\n     Then I click notificationDlgClose                                          # fesite/site.myaccount.feature:30 , PASSED\n     Then I should see the element editBillingInfo                              # fesite/site.myaccount.feature:33 , PASSED\n     Then I click editBillingInfo                                               # fesite/site.myaccount.feature:34 , PASSED\n     Then I should see the element billingInfoDlgAccount                        # fesite/site.myaccount.feature:35 , FAILED\n     Then I click billingInfoDlgClose                                           # fesite/site.myaccount.feature:36 \n     Then I log out                                                             # fesite/site.myaccount.feature:37 '


</error></testcase><testcase classname="freshen.noseplugin.testing my account page" name="checking of Nanorep on My Account Page" time="37.843"><info>
Console Output:

2016-06-10 14:59:49,504 INFO screenshot: 'checking of Nanorep on My Account Page (before).png'
2016-06-10 14:59:49,732 INFO not restaring selenium session, suite still /Users/sshrimali/git/core/Chegg.Site/test/fesite/site.myaccount.feature
2016-06-10 14:59:49,733 INFO generating new user...
2016-06-10 14:59:49,733 INFO Creating user...
2016-06-10 14:59:49,922 INFO New user id:56848691
2016-06-10 14:59:51,031 INFO Created new user (56848691) with email (test_be_user_20160610145949733243@chegg.com) &amp; password (Testing1).
2016-06-10 14:59:51,355 INFO 
2016-06-10 14:59:51,356 INFO go_to: 'http://www.chegg.com//auth?action=login&amp;experiment=NONE0&amp;debug=experiment'
2016-06-10 14:59:53,643 INFO wait_for_ready_state
2016-06-10 14:59:53,649 INFO chegg_wait_for_spinners
2016-06-10 14:59:53,675 INFO chegg_xdebug_checks
2016-06-10 14:59:53,680 INFO chegg_pixel_check
2016-06-10 14:59:53,720 INFO chegg_check_links
2016-06-10 14:59:53,726 INFO wait_for_page_to_load: 
2016-06-10 14:59:53,732 INFO wait_for_ready_state
2016-06-10 14:59:53,738 INFO chegg_wait_for_spinners
2016-06-10 14:59:53,746 INFO chegg_xdebug_checks
2016-06-10 14:59:53,751 INFO chegg_pixel_check
2016-06-10 14:59:53,789 INFO chegg_check_links
2016-06-10 14:59:53,795 INFO assert_images_loaded: 
2016-06-10 14:59:54,227 INFO wait_for_page_to_load: 
2016-06-10 14:59:54,232 INFO wait_for_ready_state
2016-06-10 14:59:54,236 INFO chegg_wait_for_spinners
2016-06-10 14:59:54,243 INFO chegg_xdebug_checks
2016-06-10 14:59:54,248 INFO chegg_pixel_check
2016-06-10 14:59:54,274 INFO chegg_check_links
2016-06-10 14:59:54,278 INFO assert_images_loaded: 
2016-06-10 14:59:54,303 INFO write_into: '.auth_collector_signin .email','test_be_user_20160610145949733243@chegg.com'
2016-06-10 14:59:54,734 INFO write_into: '.auth_collector_signin .password','Testing1'
2016-06-10 14:59:55,044 INFO click: 'submit'
2016-06-10 14:59:55,189 INFO wait_for_ready_state
2016-06-10 14:59:55,195 INFO chegg_wait_for_spinners
2016-06-10 14:59:55,205 INFO chegg_xdebug_checks
2016-06-10 14:59:55,210 INFO chegg_pixel_check
2016-06-10 14:59:55,237 INFO chegg_check_links
2016-06-10 14:59:55,241 INFO wait_for_page_to_load: 
2016-06-10 14:59:55,245 INFO wait_for_ready_state
2016-06-10 14:59:55,249 INFO chegg_wait_for_spinners
2016-06-10 14:59:55,256 INFO chegg_xdebug_checks
2016-06-10 14:59:55,260 INFO chegg_pixel_check
2016-06-10 14:59:55,283 INFO chegg_check_links
2016-06-10 14:59:55,288 INFO assert_images_loaded: 
2016-06-10 14:59:55,292 INFO wait_for_page_to_load: 
2016-06-10 14:59:55,296 INFO wait_for_ready_state
2016-06-10 14:59:55,302 INFO chegg_wait_for_spinners
2016-06-10 14:59:55,311 INFO chegg_xdebug_checks
2016-06-10 14:59:55,315 INFO chegg_pixel_check
2016-06-10 14:59:55,340 INFO chegg_check_links
2016-06-10 14:59:55,344 INFO assert_images_loaded: 
2016-06-10 14:59:59,268 INFO is_text_visible: 'My books &amp; solutions'
2016-06-10 15:00:00,399 INFO wait_for_page_to_load: 
2016-06-10 15:00:00,403 INFO wait_for_ready_state
2016-06-10 15:00:00,408 INFO chegg_wait_for_spinners
2016-06-10 15:00:00,415 INFO chegg_xdebug_checks
2016-06-10 15:00:00,419 INFO chegg_pixel_check
2016-06-10 15:00:00,444 INFO chegg_check_links
2016-06-10 15:00:00,450 INFO assert_images_loaded: 
2016-06-10 15:00:00,454 INFO Checking for Terms of use dialog...
2016-06-10 15:00:01,316 INFO 
2016-06-10 15:00:01,316 INFO go_to: 'http://www.chegg.com/my/account/?experiment=NONE0&amp;debug=experiment'
2016-06-10 15:00:03,406 INFO wait_for_ready_state
2016-06-10 15:00:03,411 INFO chegg_wait_for_spinners
2016-06-10 15:00:03,432 INFO chegg_xdebug_checks
2016-06-10 15:00:03,437 INFO chegg_pixel_check
2016-06-10 15:00:03,471 INFO chegg_check_links
2016-06-10 15:00:13,518 INFO Element 'nanoRepEmbedContainer' visible.
2016-06-10 15:00:13,519 INFO assert_elements_visible: ['nanoRepEmbedContainer']
2016-06-10 15:00:13,547 INFO click: '.answerTable' index=0
2016-06-10 15:00:13,941 INFO wait_for_ready_state
2016-06-10 15:00:13,947 INFO chegg_wait_for_spinners
2016-06-10 15:00:13,958 INFO chegg_xdebug_checks
2016-06-10 15:00:13,963 INFO chegg_pixel_check
2016-06-10 15:00:13,989 INFO chegg_check_links
2016-06-10 15:00:13,993 INFO assert_elements_visible: ['.answerBody']
2016-06-10 15:00:14,179 INFO click: '.answerTitle' index=0
2016-06-10 15:00:14,574 INFO wait_for_ready_state
2016-06-10 15:00:14,581 INFO chegg_wait_for_spinners
2016-06-10 15:00:14,593 INFO chegg_xdebug_checks
2016-06-10 15:00:14,604 INFO chegg_pixel_check
2016-06-10 15:00:14,627 INFO chegg_check_links
2016-06-10 15:00:14,632 INFO write_into: 'searchTextboxContainer','How do I add an image to my Chegg Study question?' index=0
2016-06-10 15:00:17,391 INFO assert_elements_visible: ['.answerBody']
2016-06-10 15:00:18,267 INFO Checking to see if on Chegg...
2016-06-10 15:00:21,186 INFO click: 'div.user-item.nav-item'
2016-06-10 15:00:21,447 INFO wait_for_ready_state
2016-06-10 15:00:21,480 INFO chegg_wait_for_spinners
2016-06-10 15:00:21,509 INFO chegg_xdebug_checks
2016-06-10 15:00:21,515 INFO chegg_pixel_check
2016-06-10 15:00:21,573 INFO chegg_check_links
2016-06-10 15:00:21,580 INFO click: 'a.track-signout'
2016-06-10 15:00:27,182 INFO wait_for_ready_state
2016-06-10 15:00:27,186 INFO chegg_wait_for_spinners
2016-06-10 15:00:27,204 INFO chegg_xdebug_checks
2016-06-10 15:00:27,209 INFO chegg_pixel_check
2016-06-10 15:00:27,254 INFO chegg_check_links
2016-06-10 15:00:27,259 INFO wait_for_page_to_load: 
2016-06-10 15:00:27,263 INFO wait_for_ready_state
2016-06-10 15:00:27,269 INFO chegg_wait_for_spinners
2016-06-10 15:00:27,281 INFO chegg_xdebug_checks
2016-06-10 15:00:27,286 INFO chegg_pixel_check
2016-06-10 15:00:27,335 INFO chegg_check_links
2016-06-10 15:00:27,341 INFO assert_images_loaded: 



</info></testcase><testcase classname="freshen.noseplugin.test the profile page" name="checking for visibility main blocks on profile page" time="113.011"><info>
Console Output:

2016-06-10 15:00:28,295 INFO screenshot: 'checking for visibility main blocks on profile page (before).png'
2016-06-10 15:00:29,195 INFO restarting selenium session
2016-06-10 15:00:32,003 INFO generating new user...
2016-06-10 15:00:32,003 INFO Creating user...
2016-06-10 15:00:32,125 INFO New user id:56848705
2016-06-10 15:00:34,050 INFO Created new user (56848705) with email (test_be_user_201606101500323009@chegg.com) &amp; password (Testing1).
2016-06-10 15:00:34,120 INFO 
2016-06-10 15:00:34,120 INFO go_to: 'http://www.chegg.com//auth?action=login&amp;experiment=NONE0&amp;debug=experiment'
2016-06-10 15:00:50,833 INFO wait_for_ready_state
2016-06-10 15:00:50,840 INFO chegg_wait_for_spinners
2016-06-10 15:00:50,865 INFO chegg_xdebug_checks
2016-06-10 15:00:50,881 INFO chegg_pixel_check
2016-06-10 15:00:50,929 INFO chegg_check_links
2016-06-10 15:00:50,945 INFO wait_for_page_to_load: 
2016-06-10 15:00:50,951 INFO wait_for_ready_state
2016-06-10 15:00:50,959 INFO chegg_wait_for_spinners
2016-06-10 15:00:50,969 INFO chegg_xdebug_checks
2016-06-10 15:00:50,975 INFO chegg_pixel_check
2016-06-10 15:00:51,037 INFO chegg_check_links
2016-06-10 15:00:51,042 INFO assert_images_loaded: 
2016-06-10 15:00:51,428 INFO wait_for_page_to_load: 
2016-06-10 15:00:51,433 INFO wait_for_ready_state
2016-06-10 15:00:51,437 INFO chegg_wait_for_spinners
2016-06-10 15:00:51,445 INFO chegg_xdebug_checks
2016-06-10 15:00:51,449 INFO chegg_pixel_check
2016-06-10 15:00:51,492 INFO chegg_check_links
2016-06-10 15:00:51,496 INFO assert_images_loaded: 
2016-06-10 15:00:51,525 INFO write_into: '.auth_collector_signin .email','test_be_user_201606101500323009@chegg.com'
2016-06-10 15:00:52,044 INFO write_into: '.auth_collector_signin .password','Testing1'
2016-06-10 15:00:52,514 INFO click: 'submit'
2016-06-10 15:00:52,702 INFO wait_for_ready_state
2016-06-10 15:00:52,707 INFO chegg_wait_for_spinners
2016-06-10 15:00:52,716 INFO chegg_xdebug_checks
2016-06-10 15:00:52,725 INFO chegg_pixel_check
2016-06-10 15:00:52,771 INFO chegg_check_links
2016-06-10 15:00:52,777 INFO wait_for_page_to_load: 
2016-06-10 15:00:52,781 INFO wait_for_ready_state
2016-06-10 15:00:52,786 INFO chegg_wait_for_spinners
2016-06-10 15:00:52,795 INFO chegg_xdebug_checks
2016-06-10 15:00:52,800 INFO chegg_pixel_check
2016-06-10 15:00:52,842 INFO chegg_check_links
2016-06-10 15:00:52,846 INFO assert_images_loaded: 
2016-06-10 15:00:52,851 INFO wait_for_page_to_load: 
2016-06-10 15:00:52,857 INFO wait_for_ready_state
2016-06-10 15:00:52,861 INFO chegg_wait_for_spinners
2016-06-10 15:00:52,870 INFO chegg_xdebug_checks
2016-06-10 15:00:52,875 INFO chegg_pixel_check
2016-06-10 15:01:15,676 INFO chegg_check_links
2016-06-10 15:01:15,682 INFO assert_images_loaded: 
2016-06-10 15:01:16,485 INFO is_text_visible: 'My books &amp; solutions'
2016-06-10 15:01:17,529 INFO wait_for_page_to_load: 
2016-06-10 15:01:17,534 INFO wait_for_ready_state
2016-06-10 15:01:17,539 INFO chegg_wait_for_spinners
2016-06-10 15:01:17,548 INFO chegg_xdebug_checks
2016-06-10 15:01:17,554 INFO chegg_pixel_check
2016-06-10 15:01:17,603 INFO chegg_check_links
2016-06-10 15:01:17,609 INFO assert_images_loaded: 
2016-06-10 15:01:17,614 INFO Checking for Terms of use dialog...
2016-06-10 15:01:28,457 INFO Element 'cheggLogo' visible.
2016-06-10 15:01:28,467 INFO 
2016-06-10 15:01:28,468 INFO go_to: 'http://www.chegg.com/my/profile/?experiment=NONE0&amp;debug=experiment'
2016-06-10 15:01:50,627 INFO wait_for_ready_state
2016-06-10 15:01:50,647 INFO chegg_wait_for_spinners
2016-06-10 15:01:50,685 INFO chegg_xdebug_checks
2016-06-10 15:01:50,693 INFO chegg_pixel_check
2016-06-10 15:01:50,741 INFO chegg_check_links
2016-06-10 15:01:50,749 INFO assert_elements_visible: ['infoContainer']
2016-06-10 15:02:20,893 INFO Element 'infoContainer' visible.
2016-06-10 15:02:20,893 INFO assert_elements_visible: ['profileSummaryContent']
2016-06-10 15:02:20,962 INFO assert_elements_visible: ['profilePrivateInfoContent']
2016-06-10 15:02:21,037 INFO assert_elements_visible: ['profileAcademicInterestsContent']
2016-06-10 15:02:21,107 INFO assert_elements_visible: ['profileClubAndSportContent']
2016-06-10 15:02:21,178 INFO assert_elements_visible: ['profileClubAndSportContent']
2016-06-10 15:02:21,237 INFO assert_elements_visible: ['profileSchoolsContent']



</info></testcase><testcase classname="freshen.noseplugin.study page" name="search TBS" time="16.660"><info>
Console Output:

2016-06-10 15:02:22,154 INFO screenshot: 'search TBS (before).png'
2016-06-10 15:02:22,811 INFO restarting selenium session
2016-06-10 15:02:26,684 INFO 
2016-06-10 15:02:26,684 INFO go_to: 'http://www.chegg.com/study/?action=signup&amp;experiment=NONE0&amp;debug=experiment'
2016-06-10 15:02:33,504 INFO wait_for_ready_state
2016-06-10 15:02:33,510 INFO chegg_wait_for_spinners
2016-06-10 15:02:33,538 INFO chegg_xdebug_checks
2016-06-10 15:02:33,550 INFO chegg_pixel_check
2016-06-10 15:02:33,640 INFO chegg_check_links
2016-06-10 15:02:33,648 INFO click: '.find-TBS' index=0
2016-06-10 15:02:34,039 INFO wait_for_ready_state
2016-06-10 15:02:34,053 INFO chegg_wait_for_spinners
2016-06-10 15:02:34,072 INFO chegg_xdebug_checks
2016-06-10 15:02:34,126 INFO chegg_pixel_check
2016-06-10 15:02:34,266 INFO chegg_check_links
2016-06-10 15:02:34,279 INFO write_into: 'autosuggest-input','Biology' index=0
2016-06-10 15:02:36,194 INFO assert_text_visible: 'Biology in Books' case_sensitive=False
2016-06-10 15:02:37,133 INFO assert_text_visible: 'Biology in Textbook Solution' case_sensitive=False
2016-06-10 15:02:37,652 INFO assert_text_visible: 'Biology in Q&amp;A' case_sensitive=False
2016-06-10 15:02:38,174 INFO assert_text_visible: 'Biology in Tutors' case_sensitive=False
2016-06-10 15:02:38,702 INFO assert_elements_visible: set(['.category-name span'])
2016-06-10 15:02:38,813 INFO Element '.category-name span' displays expected text: 'Textbook Solution'



</info></testcase><testcase classname="freshen.noseplugin.study page" name="search Q&amp;A" time="10.400"><info>
Console Output:

2016-06-10 15:02:39,643 INFO screenshot: 'search Q&amp;A (before).png'
2016-06-10 15:02:40,755 INFO not restaring selenium session, suite still /Users/sshrimali/git/core/Chegg.Site/test/fesite/study.page.feature
2016-06-10 15:02:40,768 INFO 
2016-06-10 15:02:40,768 INFO go_to: 'http://www.chegg.com/study/?action=signup&amp;experiment=NONE0&amp;debug=experiment'
2016-06-10 15:02:44,151 INFO wait_for_ready_state
2016-06-10 15:02:44,159 INFO chegg_wait_for_spinners
2016-06-10 15:02:44,241 INFO chegg_xdebug_checks
2016-06-10 15:02:44,323 INFO chegg_pixel_check
2016-06-10 15:02:44,646 INFO chegg_check_links
2016-06-10 15:02:44,655 INFO click: '.ask-question' index=0
2016-06-10 15:02:45,217 INFO wait_for_ready_state
2016-06-10 15:02:45,232 INFO chegg_wait_for_spinners
2016-06-10 15:02:45,274 INFO chegg_xdebug_checks
2016-06-10 15:02:45,398 INFO chegg_pixel_check
2016-06-10 15:02:45,745 INFO chegg_check_links
2016-06-10 15:02:45,756 INFO write_into: 'autosuggest-input','Biology' index=0
2016-06-10 15:02:46,548 INFO assert_text_visible: 'Biology in Books' case_sensitive=False
2016-06-10 15:02:48,413 INFO assert_text_visible: 'Biology in Textbook Solution' case_sensitive=False
2016-06-10 15:02:48,936 INFO assert_text_visible: 'Biology in Q&amp;A' case_sensitive=False
2016-06-10 15:02:49,455 INFO assert_text_visible: 'Biology in Tutors' case_sensitive=False
2016-06-10 15:02:49,975 INFO assert_elements_visible: set(['.category-name span'])
2016-06-10 15:02:50,042 INFO Element '.category-name span' displays expected text: 'Expert Q&amp;A'



</info></testcase><testcase classname="freshen.noseplugin.study page" name="search Tutors" time="6.531"><info>
Console Output:

2016-06-10 15:02:50,671 INFO screenshot: 'search Tutors (before).png'
2016-06-10 15:02:51,106 INFO not restaring selenium session, suite still /Users/sshrimali/git/core/Chegg.Site/test/fesite/study.page.feature
2016-06-10 15:02:51,116 INFO 
2016-06-10 15:02:51,116 INFO go_to: 'http://www.chegg.com/study/?action=signup&amp;experiment=NONE0&amp;debug=experiment'
2016-06-10 15:02:52,883 INFO wait_for_ready_state
2016-06-10 15:02:52,889 INFO chegg_wait_for_spinners
2016-06-10 15:02:52,908 INFO chegg_xdebug_checks
2016-06-10 15:02:52,914 INFO chegg_pixel_check
2016-06-10 15:02:52,977 INFO chegg_check_links
2016-06-10 15:02:52,984 INFO click: '.find-tutors' index=0
2016-06-10 15:02:53,167 INFO wait_for_ready_state
2016-06-10 15:02:53,173 INFO chegg_wait_for_spinners
2016-06-10 15:02:53,183 INFO chegg_xdebug_checks
2016-06-10 15:02:53,188 INFO chegg_pixel_check
2016-06-10 15:02:53,237 INFO chegg_check_links
2016-06-10 15:02:53,243 INFO write_into: 'autosuggest-input','Biology' index=0
2016-06-10 15:02:53,729 INFO assert_text_visible: 'Biology in Books' case_sensitive=False
2016-06-10 15:02:55,560 INFO assert_text_visible: 'Biology in Textbook Solution' case_sensitive=False
2016-06-10 15:02:56,081 INFO assert_text_visible: 'Biology in Q&amp;A' case_sensitive=False
2016-06-10 15:02:56,603 INFO assert_text_visible: 'Biology in Tutors' case_sensitive=False
2016-06-10 15:02:57,125 INFO assert_elements_visible: set(['.category-name span'])
2016-06-10 15:02:57,201 INFO Element '.category-name span' displays expected text: 'Tutors'



</info></testcase></testsuite>
