<?xml version='1.0' encoding='utf-8'?>
<testsuite errors="3" failures="0" name="nosetests" skip="0" tests="15"><testcase classname="freshen.noseplugin.mdot signup" name="5895 Search by subject and validate auto-suggest shows up" time="40.508"><error type="cheggtest.exceptions.CheggTestException">
Console Output:

2016-06-16 16:20:37,368 INFO 
2016-06-16 16:20:37,369 INFO go_to: 'http://rc.live.test.cheggnet.com//?experiment=NONE0&amp;debug=experiment'
2016-06-16 16:20:47,273 INFO wait_for_ready_state
2016-06-16 16:20:47,291 INFO chegg_wait_for_spinners
2016-06-16 16:20:47,334 INFO chegg_xdebug_checks
2016-06-16 16:20:47,344 INFO chegg_pixel_check
2016-06-16 16:20:47,465 INFO chegg_check_links
2016-06-16 16:20:47,531 INFO click: '.input.open-search' index=0
2016-06-16 16:21:17,813 INFO 
2016-06-16 16:21:17,813 ERROR   File "/usr/local/lib/python2.7/site-packages/cheggtest-0.2.1462906634-py2.7.egg/cheggtest/steps.py", line 45, in subwrapper
2016-06-16 16:21:17,813 ERROR     return func(*_process_args(args), **kwargs)
2016-06-16 16:21:17,813 ERROR   File "/Users/sshrimali/git/core/Chegg.Site/test/fesite/site_steps.py", line 504, in when_i_click
2016-06-16 16:21:17,813 ERROR     websteps.when_i_click(_on, _the, which, name)
2016-06-16 16:21:17,814 ERROR   File "/usr/local/lib/python2.7/site-packages/freshen-0.3.1.33-py2.7.egg/freshen/stepregistry.py", line 59, in __call__
2016-06-16 16:21:17,814 ERROR     return self.func(*args, **kwargs)
2016-06-16 16:21:17,814 ERROR   File "/usr/local/lib/python2.7/site-packages/cheggtest-0.2.1462906634-py2.7.egg/cheggtest/steps.py", line 70, in subwrapper
2016-06-16 16:21:17,814 ERROR     return func(*_process_args(args), **kwargs)
2016-06-16 16:21:17,814 ERROR   File "/usr/local/lib/python2.7/site-packages/cheggtest-0.2.1462906634-py2.7.egg/cheggtest/websteps/websteps.py", line 152, in when_i_click
2016-06-16 16:21:17,814 ERROR     __i_click(name, which)
2016-06-16 16:21:17,815 ERROR   File "/usr/local/lib/python2.7/site-packages/cheggtest-0.2.1462906634-py2.7.egg/cheggtest/websteps/websteps.py", line 137, in __i_click
2016-06-16 16:21:17,815 ERROR     webtest.click(name, index=which)
2016-06-16 16:21:17,815 ERROR   File "/usr/local/lib/python2.7/site-packages/cheggtest-0.2.1462906634-py2.7.egg/cheggtest/logger.py", line 51, in wrap
2016-06-16 16:21:17,816 ERROR     return func(*args, **kwargs)
2016-06-16 16:21:17,816 ERROR   File "/usr/local/lib/python2.7/site-packages/cheggtest-0.2.1462906634-py2.7.egg/cheggtest/webtest/webtest.py", line 501, in click
2016-06-16 16:21:17,816 ERROR     elems = find_elements(name)
2016-06-16 16:21:17,816 ERROR   File "/usr/local/lib/python2.7/site-packages/cheggtest-0.2.1462906634-py2.7.egg/cheggtest/webtest/webtest.py", line 137, in find_elements
2016-06-16 16:21:17,817 ERROR     raise CheggTestException("Can't find the element %s" % search_string)
2016-06-16 16:21:17,825 INFO Current browser cookies at /Users/sshrimali/git/core/Chegg.Site/test/results/result-1466119222/5895 Search by subject and validate auto-suggest shows up_browser_cookies.json
2016-06-16 16:21:17,841 INFO AJAX API Stacktrace: none

  File "/usr/local/lib/python2.7/site-packages/cheggtest-0.2.1462906634-py2.7.egg/cheggtest/steps.py", line 45, in subwrapper
    return func(*_process_args(args), **kwargs)
  File "/Users/sshrimali/git/core/Chegg.Site/test/fesite/site_steps.py", line 504, in when_i_click
    websteps.when_i_click(_on, _the, which, name)
  File "/usr/local/lib/python2.7/site-packages/freshen-0.3.1.33-py2.7.egg/freshen/stepregistry.py", line 59, in __call__
    return self.func(*args, **kwargs)
  File "/usr/local/lib/python2.7/site-packages/cheggtest-0.2.1462906634-py2.7.egg/cheggtest/steps.py", line 70, in subwrapper
    return func(*_process_args(args), **kwargs)
  File "/usr/local/lib/python2.7/site-packages/cheggtest-0.2.1462906634-py2.7.egg/cheggtest/websteps/websteps.py", line 152, in when_i_click
    __i_click(name, which)
  File "/usr/local/lib/python2.7/site-packages/cheggtest-0.2.1462906634-py2.7.egg/cheggtest/websteps/websteps.py", line 137, in __i_click
    webtest.click(name, index=which)
  File "/usr/local/lib/python2.7/site-packages/cheggtest-0.2.1462906634-py2.7.egg/cheggtest/logger.py", line 51, in wrap
    return func(*args, **kwargs)
  File "/usr/local/lib/python2.7/site-packages/cheggtest-0.2.1462906634-py2.7.egg/cheggtest/webtest/webtest.py", line 501, in click
    elems = find_elements(name)
  File "/usr/local/lib/python2.7/site-packages/cheggtest-0.2.1462906634-py2.7.egg/cheggtest/webtest/webtest.py", line 137, in find_elements
    raise CheggTestException("Can't find the element %s" % search_string)
"Can't find the element .input.open-search\n\nFeature: mdot signup\n  @mdot_smoke @smoke_new\n  Scenario: 5895 Search by subject and validate auto-suggest shows up\n    Given I go to the url: http://rc.live.test.cheggnet.com//?experiment=NONE0&amp;debug=experiment# fesite/mdot.search.feature:5 , PASSED\n     Then I click .input.open-search                                            # fesite/mdot.search.feature:6 , FAILED\n     Then I sleep for 2 seconds                                                 # fesite/mdot.search.feature:7 \n     Then I type physics into Search by title, author or ISBN                   # fesite/mdot.search.feature:8 \n     Then I sleep for 2 seconds                                                 # fesite/mdot.search.feature:9 \n     Then I should see the text physics                                         # fesite/mdot.search.feature:10 \n     Then I click All matches                                                   # fesite/mdot.search.feature:11 \n     Then I check search all tab                                                # fesite/mdot.search.feature:12 \n     Then I click Find Books                                                    # fesite/mdot.search.feature:13 \n     Then I check search books tab                                              # fesite/mdot.search.feature:14 \n     Then I click Textbook solutions                                            # fesite/mdot.search.feature:15 \n     Then I check search tbs tab                                                # fesite/mdot.search.feature:16 \n     Then I click Expert Q&amp;A                                                    # fesite/mdot.search.feature:17 \n     Then I check search qna tab                                                # fesite/mdot.search.feature:18 \n     Then I click Online Tutors                                                 # fesite/mdot.search.feature:19 \n     Then I check search tutors tab                                             # fesite/mdot.search.feature:20 \n     Then I click .cancel                                                       # fesite/mdot.search.feature:21 "


</error></testcase><testcase classname="freshen.noseplugin.rentbuy page" name="5961 Search by ISBN and validate auto-suggest shows up" time="33.581"><info>
Console Output:

2016-06-16 16:21:19,056 INFO screenshot: '5961 Search by ISBN and validate auto-suggest shows up (before).png'
2016-06-16 16:21:20,103 INFO not restaring selenium session, suite still /Users/sshrimali/git/core/Chegg.Site/test/fesite/rentbuy.page.feature
2016-06-16 16:21:20,104 INFO Looking for book without a Guided Solution...
2016-06-16 16:21:30,845 INFO 
2016-06-16 16:21:30,846 INFO go_to: http://rc.live.test.cheggnet.com//?experiment=NONE0&amp;debug=experiment
2016-06-16 16:21:32,313 INFO wait_for_ready_state
2016-06-16 16:21:32,321 INFO chegg_wait_for_spinners
2016-06-16 16:21:32,426 INFO chegg_xdebug_checks
2016-06-16 16:21:32,434 INFO chegg_pixel_check
2016-06-16 16:21:32,487 INFO chegg_check_links
2016-06-16 16:21:32,500 INFO Deleting all cookies...
2016-06-16 16:21:32,559 INFO Refreshing page...
2016-06-16 16:21:34,493 INFO wait_for_page_to_load: 
2016-06-16 16:21:34,518 INFO wait_for_ready_state
2016-06-16 16:21:34,525 INFO chegg_wait_for_spinners
2016-06-16 16:21:34,572 INFO chegg_xdebug_checks
2016-06-16 16:21:34,584 INFO chegg_pixel_check
2016-06-16 16:21:34,623 INFO chegg_check_links
2016-06-16 16:21:34,640 INFO assert_images_loaded: 
2016-06-16 16:21:34,655 INFO write_into: autosuggest-input,0077306295 index=0
2016-06-16 16:21:35,651 INFO click: autosuggest-search-btn index=0
2016-06-16 16:21:36,047 INFO wait_for_ready_state
2016-06-16 16:21:36,054 INFO chegg_wait_for_spinners
2016-06-16 16:21:36,077 INFO waiting on div.chg-content to be visible
2016-06-16 16:21:36,666 INFO waiting on div.chg-content to be visible
2016-06-16 16:21:37,177 INFO waiting on div.chg-content to be visible
2016-06-16 16:21:37,822 INFO chegg_xdebug_checks
2016-06-16 16:21:38,789 INFO chegg_pixel_check
2016-06-16 16:21:38,873 INFO chegg_check_links
2016-06-16 16:21:38,889 INFO 
2016-06-16 16:21:38,889 INFO go_to: 'http://rc.live.test.cheggnet.com/books#rentbuy/?action=signup&amp;experiment=NONE0&amp;debug=experiment'
2016-06-16 16:21:42,454 INFO wait_for_ready_state
2016-06-16 16:21:42,459 INFO chegg_wait_for_spinners
2016-06-16 16:21:42,485 INFO chegg_xdebug_checks
2016-06-16 16:21:42,495 INFO chegg_pixel_check
2016-06-16 16:21:42,541 INFO chegg_check_links
2016-06-16 16:21:42,557 INFO write_into: 'autosuggest-input','0077306295' index=0
2016-06-16 16:21:43,530 INFO Element '.book-result' visible.
2016-06-16 16:21:43,531 INFO assert_text_visible: '0077306295 in Books' case_sensitive=False
2016-06-16 16:21:44,125 INFO assert_text_visible: '0077306295 in Textbook Solution' case_sensitive=False
2016-06-16 16:21:44,641 INFO assert_text_visible: '0077306295 in Q&amp;A' case_sensitive=False
2016-06-16 16:21:45,160 INFO assert_text_visible: '0077306295 in Tutors' case_sensitive=False
2016-06-16 16:21:45,680 INFO assert_elements_visible: ['.book-result']
2016-06-16 16:21:45,715 INFO click: '.img-wrapper' index=0
2016-06-16 16:21:45,971 INFO wait_for_ready_state
2016-06-16 16:21:45,979 INFO chegg_wait_for_spinners
2016-06-16 16:21:45,998 INFO waiting on div.chg-content to be visible
2016-06-16 16:21:46,512 INFO waiting on div.chg-content to be visible
2016-06-16 16:21:47,426 INFO chegg_xdebug_checks
2016-06-16 16:21:47,536 INFO chegg_pixel_check
2016-06-16 16:21:47,630 INFO chegg_check_links
2016-06-16 16:21:47,656 INFO assert_text_visible: 'ISBN:' case_sensitive=False
2016-06-16 16:21:48,186 INFO assert_text_visible: '0077306295' case_sensitive=False



</info></testcase><testcase classname="freshen.noseplugin.rentbuy page" name="5790 Search by subject and validate auto-suggest shows up" time="7.377"><info>
Console Output:

2016-06-16 16:21:52,926 INFO screenshot: '5790 Search by subject and validate auto-suggest shows up (before).png'
2016-06-16 16:21:53,207 INFO not restaring selenium session, suite still /Users/sshrimali/git/core/Chegg.Site/test/fesite/rentbuy.page.feature
2016-06-16 16:21:53,214 INFO 
2016-06-16 16:21:53,214 INFO go_to: 'http://rc.live.test.cheggnet.com/books#rentbuy/?action=signup&amp;experiment=NONE0&amp;debug=experiment'
2016-06-16 16:21:54,990 INFO wait_for_ready_state
2016-06-16 16:21:54,994 INFO chegg_wait_for_spinners
2016-06-16 16:21:55,015 INFO chegg_xdebug_checks
2016-06-16 16:21:55,020 INFO chegg_pixel_check
2016-06-16 16:21:55,066 INFO chegg_check_links
2016-06-16 16:21:55,074 INFO write_into: 'autosuggest-input','Biology' index=0
2016-06-16 16:21:55,766 INFO assert_text_visible: 'Biology in Books' case_sensitive=False
2016-06-16 16:21:56,356 INFO assert_text_visible: 'Biology in Textbook Solution' case_sensitive=False
2016-06-16 16:21:56,877 INFO assert_text_visible: 'Biology in Q&amp;A' case_sensitive=False
2016-06-16 16:21:57,395 INFO assert_text_visible: 'Biology in Tutors' case_sensitive=False
2016-06-16 16:21:57,911 INFO assert_elements_visible: ['.book-result']
2016-06-16 16:21:57,943 INFO click: '.img-wrapper' index=0
2016-06-16 16:21:58,250 INFO wait_for_ready_state
2016-06-16 16:21:58,259 INFO chegg_wait_for_spinners
2016-06-16 16:21:58,275 INFO waiting on div.chg-content to be visible
2016-06-16 16:21:58,793 INFO waiting on div.chg-content to be visible
2016-06-16 16:21:59,667 INFO chegg_xdebug_checks
2016-06-16 16:21:59,675 INFO chegg_pixel_check
2016-06-16 16:21:59,767 INFO chegg_check_links
2016-06-16 16:21:59,778 INFO assert_text_visible: 'Biology' case_sensitive=False



</info></testcase><testcase classname="freshen.noseplugin.search page" name="5929 validate search serp filter" time="31.717"><info>
Console Output:

2016-06-16 16:22:02,281 INFO screenshot: '5929 validate search serp filter (before).png'
2016-06-16 16:22:02,595 INFO restarting selenium session
2016-06-16 16:22:05,343 INFO 
2016-06-16 16:22:05,343 INFO go_to: 'http://rc.live.test.cheggnet.com/search/Biology/federated/?action=signup&amp;experiment=NONE0&amp;debug=experiment'
2016-06-16 16:22:12,805 INFO wait_for_ready_state
2016-06-16 16:22:12,952 INFO chegg_wait_for_spinners
2016-06-16 16:22:13,012 INFO chegg_xdebug_checks
2016-06-16 16:22:13,030 INFO chegg_pixel_check
2016-06-16 16:22:13,257 INFO chegg_check_links
2016-06-16 16:22:13,265 INFO click: 'All matches' index=0
2016-06-16 16:22:13,592 INFO wait_for_ready_state
2016-06-16 16:22:13,603 INFO chegg_wait_for_spinners
2016-06-16 16:22:13,623 INFO waiting on div.chg-content to be visible
2016-06-16 16:22:14,272 INFO chegg_xdebug_checks
2016-06-16 16:22:14,296 INFO chegg_pixel_check
2016-06-16 16:22:14,425 INFO chegg_check_links
2016-06-16 16:22:14,442 INFO assert_elements_visible: ['.active[data-id="All matches"]']
2016-06-16 16:22:14,676 INFO assert_elements_visible: set(['.vertical a'])
2016-06-16 16:22:18,067 INFO Element '.vertical a' displays expected text: 'All'
2016-06-16 16:22:18,067 INFO click: 'Textbook solutions' index=0
2016-06-16 16:22:18,623 INFO wait_for_ready_state
2016-06-16 16:22:18,631 INFO chegg_wait_for_spinners
2016-06-16 16:22:18,651 INFO chegg_xdebug_checks
2016-06-16 16:22:18,655 INFO chegg_pixel_check
2016-06-16 16:22:19,148 INFO chegg_check_links
2016-06-16 16:22:19,159 INFO assert_elements_visible: ['.active[data-id="Textbook solutions"]']
2016-06-16 16:22:19,202 INFO assert_elements_visible: set(['.vertical strong'])
2016-06-16 16:22:19,283 INFO Element '.vertical strong' displays expected text: 'Textbook solutions'
2016-06-16 16:22:19,284 INFO click: 'Expert Q&amp;A' index=0
2016-06-16 16:22:19,558 INFO wait_for_ready_state
2016-06-16 16:22:19,567 INFO chegg_wait_for_spinners
2016-06-16 16:22:19,577 INFO chegg_xdebug_checks
2016-06-16 16:22:19,588 INFO chegg_pixel_check
2016-06-16 16:22:20,028 INFO chegg_check_links
2016-06-16 16:22:20,037 INFO assert_elements_visible: ['.active[data-id="Expert Q&amp;A"]']
2016-06-16 16:22:20,074 INFO assert_elements_visible: set(['.vertical strong'])
2016-06-16 16:22:20,150 INFO Element '.vertical strong' displays expected text: 'Expert Q&amp;A'
2016-06-16 16:22:20,151 INFO click: 'Tutors' index=0
2016-06-16 16:22:25,014 INFO wait_for_ready_state
2016-06-16 16:22:25,149 INFO chegg_wait_for_spinners
2016-06-16 16:22:25,183 INFO chegg_xdebug_checks
2016-06-16 16:22:25,198 INFO chegg_pixel_check
2016-06-16 16:22:25,275 INFO chegg_check_links
2016-06-16 16:22:25,280 INFO assert_elements_visible: ['.active[data-id="Tutors"]']
2016-06-16 16:22:25,328 INFO assert_elements_visible: set(['.vertical strong'])
2016-06-16 16:22:25,429 INFO Element '.vertical strong' displays expected text: 'Tutors'
2016-06-16 16:22:25,430 INFO click: 'Books' index=0
2016-06-16 16:22:26,129 INFO wait_for_ready_state
2016-06-16 16:22:26,139 INFO chegg_wait_for_spinners
2016-06-16 16:22:26,161 INFO waiting on div.chg-content to be visible
2016-06-16 16:22:26,753 INFO chegg_xdebug_checks
2016-06-16 16:22:26,761 INFO chegg_pixel_check
2016-06-16 16:22:26,820 INFO chegg_check_links
2016-06-16 16:22:26,833 INFO assert_elements_visible: ['.active[data-id="Books"]']
2016-06-16 16:22:26,899 INFO assert_elements_visible: set(['.vertical strong'])
2016-06-16 16:22:30,028 INFO Element '.vertical strong' displays expected text: 'Books'
2016-06-16 16:22:30,028 INFO click: 'book-img-3' index=0
2016-06-16 16:22:30,407 INFO wait_for_ready_state
2016-06-16 16:22:30,414 INFO chegg_wait_for_spinners
2016-06-16 16:22:30,426 INFO waiting on div.chg-content to be visible
2016-06-16 16:22:30,975 INFO waiting on div.chg-content to be visible
2016-06-16 16:22:33,765 INFO chegg_xdebug_checks
2016-06-16 16:22:33,769 INFO chegg_pixel_check
2016-06-16 16:22:33,795 INFO chegg_check_links
2016-06-16 16:22:33,807 INFO assert_elements_visible: ['.txt-hdr-dark']
2016-06-16 16:22:33,847 INFO assert_elements_visible: ['.book-details-container']
2016-06-16 16:22:33,920 INFO assert_elements_visible: ['.book-details-container']
2016-06-16 16:22:33,958 INFO assert_elements_visible: ['.pricebox-col']



</info></testcase><testcase classname="freshen.noseplugin.testing book pdp" name="5773 main info about book" time="33.944"><info>
Console Output:

2016-06-16 16:22:34,267 INFO screenshot: '5773 main info about book (before).png'
2016-06-16 16:22:34,431 INFO restarting selenium session
2016-06-16 16:22:37,023 INFO Looking for ebook without a Guided Solution...
2016-06-16 16:22:52,043 INFO 
2016-06-16 16:22:52,043 INFO go_to: http://rc.live.test.cheggnet.com//?experiment=NONE0&amp;debug=experiment
2016-06-16 16:22:56,600 INFO wait_for_ready_state
2016-06-16 16:22:56,609 INFO chegg_wait_for_spinners
2016-06-16 16:22:56,634 INFO chegg_xdebug_checks
2016-06-16 16:22:56,956 INFO chegg_pixel_check
2016-06-16 16:22:57,016 INFO chegg_check_links
2016-06-16 16:22:57,031 INFO Deleting all cookies...
2016-06-16 16:22:57,092 INFO Refreshing page...
2016-06-16 16:22:59,260 INFO wait_for_page_to_load: 
2016-06-16 16:22:59,374 INFO wait_for_ready_state
2016-06-16 16:22:59,379 INFO chegg_wait_for_spinners
2016-06-16 16:22:59,415 INFO chegg_xdebug_checks
2016-06-16 16:22:59,424 INFO chegg_pixel_check
2016-06-16 16:22:59,528 INFO chegg_check_links
2016-06-16 16:22:59,535 INFO assert_images_loaded: 
2016-06-16 16:22:59,543 INFO write_into: autosuggest-input,0763792799 index=0
2016-06-16 16:23:00,646 INFO click: autosuggest-search-btn index=0
2016-06-16 16:23:01,061 INFO wait_for_ready_state
2016-06-16 16:23:01,152 INFO chegg_wait_for_spinners
2016-06-16 16:23:01,175 INFO waiting on div.chg-content to be visible
2016-06-16 16:23:01,707 INFO chegg_xdebug_checks
2016-06-16 16:23:01,731 INFO chegg_pixel_check
2016-06-16 16:23:01,829 INFO chegg_check_links
2016-06-16 16:23:01,836 INFO assert_elements_visible: ['.txt-hdr-dark']
2016-06-16 16:23:04,176 INFO assert_elements_visible: ['pdpBookImage']
2016-06-16 16:23:07,141 INFO assert_text_visible: 'ISBN' case_sensitive=False
2016-06-16 16:23:07,659 INFO assert_text_visible: 'ISBN-13' case_sensitive=False
2016-06-16 16:23:08,179 INFO assert_elements_visible: ['.author-container']



</info></testcase><testcase classname="freshen.noseplugin.testing book pdp" name="5781 pricebox block" time="73.925"><error type="cheggtest.exceptions.CheggTestException">
Console Output:

2016-06-16 16:23:08,488 INFO screenshot: '5781 pricebox block (before).png'
2016-06-16 16:23:08,632 INFO not restaring selenium session, suite still /Users/sshrimali/git/core/Chegg.Site/test/fesite/site.bookpdp.feature
2016-06-16 16:23:08,633 INFO Looking for book without a Guided Solution...
2016-06-16 16:23:12,981 INFO 
2016-06-16 16:23:12,981 INFO go_to: http://rc.live.test.cheggnet.com//?experiment=NONE0&amp;debug=experiment
2016-06-16 16:23:14,310 INFO wait_for_ready_state
2016-06-16 16:23:14,326 INFO chegg_wait_for_spinners
2016-06-16 16:23:14,366 INFO chegg_xdebug_checks
2016-06-16 16:23:14,382 INFO chegg_pixel_check
2016-06-16 16:23:14,430 INFO chegg_check_links
2016-06-16 16:23:14,439 INFO Deleting all cookies...
2016-06-16 16:23:14,502 INFO Refreshing page...
2016-06-16 16:23:16,614 INFO wait_for_page_to_load: 
2016-06-16 16:23:16,628 INFO wait_for_ready_state
2016-06-16 16:23:16,633 INFO chegg_wait_for_spinners
2016-06-16 16:23:16,688 INFO chegg_xdebug_checks
2016-06-16 16:23:16,698 INFO chegg_pixel_check
2016-06-16 16:23:16,756 INFO chegg_check_links
2016-06-16 16:23:16,769 INFO assert_images_loaded: 
2016-06-16 16:23:16,779 INFO write_into: autosuggest-input,0205093817 index=0
2016-06-16 16:23:17,881 INFO click: autosuggest-search-btn index=0
2016-06-16 16:23:18,608 INFO wait_for_ready_state
2016-06-16 16:23:18,661 INFO chegg_wait_for_spinners
2016-06-16 16:23:18,703 INFO waiting on div.chg-content to be visible
2016-06-16 16:23:19,317 INFO waiting on div.chg-content to be visible
2016-06-16 16:23:19,839 INFO waiting on div.chg-content to be visible
2016-06-16 16:23:20,612 INFO chegg_xdebug_checks
2016-06-16 16:23:20,645 INFO chegg_pixel_check
2016-06-16 16:23:20,725 INFO chegg_check_links
2016-06-16 16:23:30,768 INFO Element 'eggshell-pricebox' visible.
2016-06-16 16:23:30,769 INFO click: 'div.rent label.form-radio' index=0
2016-06-16 16:23:30,918 INFO wait_for_ready_state
2016-06-16 16:23:30,922 INFO chegg_wait_for_spinners
2016-06-16 16:23:30,930 INFO chegg_xdebug_checks
2016-06-16 16:23:30,935 INFO chegg_pixel_check
2016-06-16 16:23:30,964 INFO chegg_check_links
2016-06-16 16:23:30,970 INFO assert_elements_visible: ['bannerGuaranteeCompact21']
2016-06-16 16:23:31,010 INFO assert_elements_visible: ['div.rent div.pricebox-description']
2016-06-16 16:23:31,044 INFO Looking for book without a Guided Solution...
2016-06-16 16:23:35,419 INFO 
2016-06-16 16:23:35,419 INFO go_to: http://rc.live.test.cheggnet.com//?experiment=NONE0&amp;debug=experiment
2016-06-16 16:23:37,044 INFO wait_for_ready_state
2016-06-16 16:23:37,067 INFO chegg_wait_for_spinners
2016-06-16 16:23:37,098 INFO chegg_xdebug_checks
2016-06-16 16:23:37,114 INFO chegg_pixel_check
2016-06-16 16:23:37,169 INFO chegg_check_links
2016-06-16 16:23:37,183 INFO Deleting all cookies...
2016-06-16 16:23:37,236 INFO Refreshing page...
2016-06-16 16:23:38,981 INFO wait_for_page_to_load: 
2016-06-16 16:23:38,997 INFO wait_for_ready_state
2016-06-16 16:23:39,003 INFO chegg_wait_for_spinners
2016-06-16 16:23:39,040 INFO chegg_xdebug_checks
2016-06-16 16:23:39,045 INFO chegg_pixel_check
2016-06-16 16:23:39,110 INFO chegg_check_links
2016-06-16 16:23:39,116 INFO assert_images_loaded: 
2016-06-16 16:23:39,123 INFO write_into: autosuggest-input,0736090398 index=0
2016-06-16 16:23:40,217 INFO click: autosuggest-search-btn index=0
2016-06-16 16:23:40,740 INFO wait_for_ready_state
2016-06-16 16:23:40,764 INFO chegg_wait_for_spinners
2016-06-16 16:23:40,788 INFO waiting on div.chg-content to be visible
2016-06-16 16:23:41,323 INFO chegg_xdebug_checks
2016-06-16 16:23:41,330 INFO chegg_pixel_check
2016-06-16 16:23:41,384 INFO chegg_check_links
2016-06-16 16:23:51,434 INFO Element 'eggshell-pricebox' visible.
2016-06-16 16:23:51,435 INFO click: 'div.buy label.form-radio' index=0
2016-06-16 16:23:51,598 INFO wait_for_ready_state
2016-06-16 16:23:51,605 INFO chegg_wait_for_spinners
2016-06-16 16:23:51,616 INFO chegg_xdebug_checks
2016-06-16 16:23:51,621 INFO chegg_pixel_check
2016-06-16 16:23:51,656 INFO chegg_check_links
2016-06-16 16:23:51,665 INFO assert_elements_visible: ['bannerGuaranteeCompact21']
2016-06-16 16:23:51,707 INFO assert_elements_visible: ['div.buy div.pricebox-description']
2016-06-16 16:23:51,747 INFO Looking for ebook without a Guided Solution...
2016-06-16 16:24:01,212 INFO 
2016-06-16 16:24:01,212 INFO go_to: http://rc.live.test.cheggnet.com//?experiment=NONE0&amp;debug=experiment
2016-06-16 16:24:02,741 INFO wait_for_ready_state
2016-06-16 16:24:02,747 INFO chegg_wait_for_spinners
2016-06-16 16:24:02,785 INFO chegg_xdebug_checks
2016-06-16 16:24:02,798 INFO chegg_pixel_check
2016-06-16 16:24:02,879 INFO chegg_check_links
2016-06-16 16:24:02,902 INFO Deleting all cookies...
2016-06-16 16:24:02,990 INFO Refreshing page...
2016-06-16 16:24:04,975 INFO wait_for_page_to_load: 
2016-06-16 16:24:04,979 INFO wait_for_ready_state
2016-06-16 16:24:05,003 INFO chegg_wait_for_spinners
2016-06-16 16:24:05,070 INFO chegg_xdebug_checks
2016-06-16 16:24:05,077 INFO chegg_pixel_check
2016-06-16 16:24:05,117 INFO chegg_check_links
2016-06-16 16:24:05,124 INFO assert_images_loaded: 
2016-06-16 16:24:05,132 INFO write_into: autosuggest-input,113371174X index=0
2016-06-16 16:24:10,521 INFO click: autosuggest-search-btn index=0
2016-06-16 16:24:11,150 INFO wait_for_ready_state
2016-06-16 16:24:11,156 INFO chegg_wait_for_spinners
2016-06-16 16:24:11,238 INFO waiting on div.chg-content to be visible
2016-06-16 16:24:11,793 INFO chegg_xdebug_checks
2016-06-16 16:24:11,824 INFO chegg_pixel_check
2016-06-16 16:24:11,972 INFO chegg_check_links
2016-06-16 16:24:22,416 INFO 
2016-06-16 16:24:22,416 ERROR   File "/usr/local/lib/python2.7/site-packages/cheggtest-0.2.1462906634-py2.7.egg/cheggtest/steps.py", line 45, in subwrapper
2016-06-16 16:24:22,416 ERROR     return func(*_process_args(args), **kwargs)
2016-06-16 16:24:22,416 ERROR   File "build/bdist.linux-x86_64/egg/cheggfe/cheggfe.py", line 2916, in wait_for_elem_to_be_visible
2016-06-16 16:24:22,417 ERROR     elem = find_element(element,which)
2016-06-16 16:24:22,417 ERROR   File "/usr/local/lib/python2.7/site-packages/cheggtest-0.2.1462906634-py2.7.egg/cheggtest/webtest/webtest.py", line 60, in find_element
2016-06-16 16:24:22,417 ERROR     case_sensitive=case_sensitive)
2016-06-16 16:24:22,417 ERROR   File "/usr/local/lib/python2.7/site-packages/cheggtest-0.2.1462906634-py2.7.egg/cheggtest/webtest/webtest.py", line 137, in find_elements
2016-06-16 16:24:22,417 ERROR     raise CheggTestException("Can't find the element %s" % search_string)
2016-06-16 16:24:22,427 INFO Current browser cookies at /Users/sshrimali/git/core/Chegg.Site/test/results/result-1466119222/5781 pricebox block_browser_cookies.json
2016-06-16 16:24:22,449 INFO AJAX API Stacktrace: none

  File "/usr/local/lib/python2.7/site-packages/cheggtest-0.2.1462906634-py2.7.egg/cheggtest/steps.py", line 45, in subwrapper
    return func(*_process_args(args), **kwargs)
  File "build/bdist.linux-x86_64/egg/cheggfe/cheggfe.py", line 2916, in wait_for_elem_to_be_visible
    elem = find_element(element,which)
  File "/usr/local/lib/python2.7/site-packages/cheggtest-0.2.1462906634-py2.7.egg/cheggtest/webtest/webtest.py", line 60, in find_element
    case_sensitive=case_sensitive)
  File "/usr/local/lib/python2.7/site-packages/cheggtest-0.2.1462906634-py2.7.egg/cheggtest/webtest/webtest.py", line 137, in find_elements
    raise CheggTestException("Can't find the element %s" % search_string)
Can't find the element eggshell-pricebox

@fid=ab9f9f4
Feature: testing book pdp
  @smoke @regression @sid=6bde87f @bv=7 @run @pdpbuyback_smoke @smoke_new
  Scenario: 5781 pricebox block
     Then I take random book rental                                             # fesite/site.bookpdp.feature:28 , PASSED
       \--&gt; Given I am at the chegg.com site                                    # /cheggtest/websteps/websteps.py:16 , PASSED
       \--&gt;  Then I clear all the cookies                                       # /cheggtest/websteps/websteps.py:17 , PASSED
       \--&gt;  Then I refresh the page                                            # /cheggtest/websteps/websteps.py:18 , PASSED
       \--&gt;  Then I type 0205093817 into autosuggest-input                      # /cheggtest/websteps/websteps.py:19 , PASSED
       \--&gt;  Then I click autosuggest-search-btn button                         # /cheggtest/websteps/websteps.py:20 , PASSED
     Then I wait 10 second for the element: eggshell-pricebox to be visible     # fesite/site.bookpdp.feature:29 , PASSED
     Then I click pdpBookRentRadio                                              # fesite/site.bookpdp.feature:30 , PASSED
     Then I should see the element bannerGuaranteeCompact21                     # fesite/site.bookpdp.feature:32 , PASSED
     Then I should see the element div.rent div.pricebox-description            # fesite/site.bookpdp.feature:39 , PASSED
     Then I take random book purchase                                           # fesite/site.bookpdp.feature:41 , PASSED
       \--&gt; Given I am at the chegg.com site                                    # /cheggtest/websteps/websteps.py:16 , PASSED
       \--&gt;  Then I clear all the cookies                                       # /cheggtest/websteps/websteps.py:17 , PASSED
       \--&gt;  Then I refresh the page                                            # /cheggtest/websteps/websteps.py:18 , PASSED
       \--&gt;  Then I type 0736090398 into autosuggest-input                      # /cheggtest/websteps/websteps.py:19 , PASSED
       \--&gt;  Then I click autosuggest-search-btn button                         # /cheggtest/websteps/websteps.py:20 , PASSED
     Then I wait 10 second for the element: eggshell-pricebox to be visible     # fesite/site.bookpdp.feature:42 , PASSED
     Then I click pdpBookBuyRadio                                               # fesite/site.bookpdp.feature:43 , PASSED
     Then I should see the element bannerGuaranteeCompact21                     # fesite/site.bookpdp.feature:45 , PASSED
     Then I should see the element div.buy div.pricebox-description             # fesite/site.bookpdp.feature:46 , PASSED
     Then I take random ebook rental                                            # fesite/site.bookpdp.feature:48 , PASSED
       \--&gt; Given I am at the chegg.com site                                    # /cheggtest/websteps/websteps.py:16 , PASSED
       \--&gt;  Then I clear all the cookies                                       # /cheggtest/websteps/websteps.py:17 , PASSED
       \--&gt;  Then I refresh the page                                            # /cheggtest/websteps/websteps.py:18 , PASSED
       \--&gt;  Then I type 113371174X into autosuggest-input                      # /cheggtest/websteps/websteps.py:19 , PASSED
       \--&gt;  Then I click autosuggest-search-btn button                         # /cheggtest/websteps/websteps.py:20 , PASSED
     Then I wait 10 second for the element: eggshell-pricebox to be visible     # fesite/site.bookpdp.feature:49 , FAILED
     Then I click pdpBookETextBookRadio                                         # fesite/site.bookpdp.feature:50 
     Then I should see the element bannerGuaranteeCompact14                     # fesite/site.bookpdp.feature:52 
     Then I click 2nd eTextbookPriceOption                                      # fesite/site.bookpdp.feature:53 
     Then I should see the element div.etextbook div.pricebox-description       # fesite/site.bookpdp.feature:54 


</error></testcase><testcase classname="freshen.noseplugin.testing my account page" name="5713 testing popups" time="73.563"><info>
Console Output:

2016-06-16 16:24:22,744 INFO screenshot: '5713 testing popups (before).png'
2016-06-16 16:24:23,030 INFO restarting selenium session
2016-06-16 16:24:25,775 INFO generating new user...
2016-06-16 16:24:25,775 INFO Creating user...
2016-06-16 16:24:26,376 INFO New user id:51280087
2016-06-16 16:24:27,352 INFO Created new user (51280087) with email (test_be_user_20160616162425774980@chegg.com) &amp; password (Testing1).
2016-06-16 16:24:27,511 INFO 
2016-06-16 16:24:27,511 INFO go_to: 'http://rc.live.test.cheggnet.com//auth?action=login&amp;experiment=NONE0&amp;debug=experiment'
2016-06-16 16:24:32,944 INFO wait_for_ready_state
2016-06-16 16:24:32,951 INFO chegg_wait_for_spinners
2016-06-16 16:24:32,975 INFO chegg_xdebug_checks
2016-06-16 16:24:32,989 INFO chegg_pixel_check
2016-06-16 16:24:33,060 INFO chegg_check_links
2016-06-16 16:24:33,066 INFO wait_for_page_to_load: 
2016-06-16 16:24:33,071 INFO wait_for_ready_state
2016-06-16 16:24:33,075 INFO chegg_wait_for_spinners
2016-06-16 16:24:33,087 INFO chegg_xdebug_checks
2016-06-16 16:24:33,092 INFO chegg_pixel_check
2016-06-16 16:24:33,140 INFO chegg_check_links
2016-06-16 16:24:33,147 INFO assert_images_loaded: 
2016-06-16 16:24:33,434 INFO wait_for_page_to_load: 
2016-06-16 16:24:33,438 INFO wait_for_ready_state
2016-06-16 16:24:33,442 INFO chegg_wait_for_spinners
2016-06-16 16:24:33,451 INFO chegg_xdebug_checks
2016-06-16 16:24:33,455 INFO chegg_pixel_check
2016-06-16 16:24:33,486 INFO chegg_check_links
2016-06-16 16:24:33,495 INFO assert_images_loaded: 
2016-06-16 16:24:33,528 INFO write_into: '.auth_collector_signin .email','test_be_user_20160616162425774980@chegg.com'
2016-06-16 16:24:33,973 INFO write_into: '.auth_collector_signin .password','Testing1'
2016-06-16 16:24:34,295 INFO click: 'submit'
2016-06-16 16:24:34,471 INFO wait_for_ready_state
2016-06-16 16:24:34,476 INFO chegg_wait_for_spinners
2016-06-16 16:24:34,485 INFO chegg_xdebug_checks
2016-06-16 16:24:34,489 INFO chegg_pixel_check
2016-06-16 16:24:34,521 INFO chegg_check_links
2016-06-16 16:24:34,531 INFO wait_for_page_to_load: 
2016-06-16 16:24:34,539 INFO wait_for_ready_state
2016-06-16 16:24:34,545 INFO chegg_wait_for_spinners
2016-06-16 16:24:34,559 INFO chegg_xdebug_checks
2016-06-16 16:24:34,567 INFO chegg_pixel_check
2016-06-16 16:24:41,518 INFO chegg_check_links
2016-06-16 16:24:41,525 INFO assert_images_loaded: 
2016-06-16 16:24:41,546 INFO wait_for_page_to_load: 
2016-06-16 16:24:41,648 INFO wait_for_ready_state
2016-06-16 16:24:41,802 INFO chegg_wait_for_spinners
2016-06-16 16:24:41,860 INFO chegg_xdebug_checks
2016-06-16 16:24:41,881 INFO chegg_pixel_check
2016-06-16 16:24:41,951 INFO chegg_check_links
2016-06-16 16:24:41,958 INFO assert_images_loaded: 
2016-06-16 16:24:42,581 INFO is_text_visible: 'My books &amp; solutions'
2016-06-16 16:24:43,439 INFO wait_for_page_to_load: 
2016-06-16 16:24:43,444 INFO wait_for_ready_state
2016-06-16 16:24:43,449 INFO assert_images_loaded: 
2016-06-16 16:24:43,453 INFO Checking for Terms of use dialog...
2016-06-16 16:24:54,104 INFO Element 'cheggLogo' visible.
2016-06-16 16:24:54,111 INFO 
2016-06-16 16:24:54,111 INFO go_to: 'http://rc.live.test.cheggnet.com/my/account/?experiment=NONE0&amp;debug=experiment'
2016-06-16 16:24:57,021 INFO wait_for_ready_state
2016-06-16 16:24:57,031 INFO chegg_wait_for_spinners
2016-06-16 16:24:57,147 INFO chegg_xdebug_checks
2016-06-16 16:24:57,158 INFO chegg_pixel_check
2016-06-16 16:24:57,208 INFO chegg_check_links
2016-06-16 16:24:57,218 INFO assert_elements_visible: ['editUserInfoLink']
2016-06-16 16:25:27,296 INFO Element 'editUserInfoLink' visible.
2016-06-16 16:25:27,297 INFO assert_elements_visible: ['editUserInfoLink']
2016-06-16 16:25:27,330 INFO click: 'Basic Info' index=0
2016-06-16 16:25:27,543 INFO wait_for_ready_state
2016-06-16 16:25:27,549 INFO chegg_wait_for_spinners
2016-06-16 16:25:27,559 INFO chegg_xdebug_checks
2016-06-16 16:25:27,564 INFO chegg_pixel_check
2016-06-16 16:25:27,614 INFO chegg_check_links
2016-06-16 16:25:27,619 INFO assert_elements_visible: ['userInfoDlgAccount']
2016-06-16 16:25:27,683 INFO click: '.cancel-text' index=0
2016-06-16 16:25:27,848 INFO wait_for_ready_state
2016-06-16 16:25:27,855 INFO chegg_wait_for_spinners
2016-06-16 16:25:27,866 INFO chegg_xdebug_checks
2016-06-16 16:25:27,872 INFO chegg_pixel_check
2016-06-16 16:25:27,923 INFO chegg_check_links
2016-06-16 16:25:27,929 INFO assert_elements_visible: ['changePasswordLink']
2016-06-16 16:25:27,971 INFO click: 'Change Password' index=0
2016-06-16 16:25:28,170 INFO wait_for_ready_state
2016-06-16 16:25:28,178 INFO chegg_wait_for_spinners
2016-06-16 16:25:28,185 INFO chegg_xdebug_checks
2016-06-16 16:25:28,189 INFO chegg_pixel_check
2016-06-16 16:25:28,221 INFO chegg_check_links
2016-06-16 16:25:28,227 INFO assert_elements_visible: ['changePasswordViewPopup']
2016-06-16 16:25:28,273 INFO click: 'a.cancel' index=0
2016-06-16 16:25:28,483 INFO wait_for_ready_state
2016-06-16 16:25:28,488 INFO chegg_wait_for_spinners
2016-06-16 16:25:28,498 INFO chegg_xdebug_checks
2016-06-16 16:25:28,502 INFO chegg_pixel_check
2016-06-16 16:25:28,534 INFO chegg_check_links
2016-06-16 16:25:28,542 INFO assert_elements_visible: ['editNotificationLink']
2016-06-16 16:25:28,577 INFO click: 'Notification Preferences' index=0
2016-06-16 16:25:28,744 INFO wait_for_ready_state
2016-06-16 16:25:28,750 INFO chegg_wait_for_spinners
2016-06-16 16:25:28,760 INFO chegg_xdebug_checks
2016-06-16 16:25:28,764 INFO chegg_pixel_check
2016-06-16 16:25:28,793 INFO chegg_check_links
2016-06-16 16:25:28,800 INFO assert_elements_visible: ['notificationDlg']
2016-06-16 16:25:28,837 INFO click: 'div.cancel-text' index=0
2016-06-16 16:25:29,803 INFO wait_for_ready_state
2016-06-16 16:25:29,808 INFO chegg_wait_for_spinners
2016-06-16 16:25:29,815 INFO chegg_xdebug_checks
2016-06-16 16:25:29,826 INFO chegg_pixel_check
2016-06-16 16:25:29,895 INFO chegg_check_links
2016-06-16 16:25:29,900 INFO assert_elements_visible: ['editBillingInfo']
2016-06-16 16:25:29,932 INFO click: 'Edit Payment Method' index=0
2016-06-16 16:25:30,099 INFO wait_for_ready_state
2016-06-16 16:25:30,107 INFO chegg_wait_for_spinners
2016-06-16 16:25:30,115 INFO chegg_xdebug_checks
2016-06-16 16:25:30,122 INFO chegg_pixel_check
2016-06-16 16:25:30,154 INFO chegg_check_links
2016-06-16 16:25:30,164 INFO assert_elements_visible: ['billingInfoDlgAccount']
2016-06-16 16:25:30,201 INFO click: 'div.cancel-edit' index=0
2016-06-16 16:25:31,218 INFO wait_for_ready_state
2016-06-16 16:25:31,224 INFO chegg_wait_for_spinners
2016-06-16 16:25:31,231 INFO chegg_xdebug_checks
2016-06-16 16:25:31,236 INFO chegg_pixel_check
2016-06-16 16:25:31,269 INFO chegg_check_links
2016-06-16 16:25:31,277 INFO Checking to see if on Chegg...
2016-06-16 16:25:32,263 INFO click: 'div.user-item.nav-item'
2016-06-16 16:25:32,402 INFO wait_for_ready_state
2016-06-16 16:25:32,411 INFO chegg_wait_for_spinners
2016-06-16 16:25:32,419 INFO chegg_xdebug_checks
2016-06-16 16:25:32,427 INFO chegg_pixel_check
2016-06-16 16:25:32,471 INFO chegg_check_links
2016-06-16 16:25:32,476 INFO click: 'a.track-signout'
2016-06-16 16:25:36,117 INFO wait_for_ready_state
2016-06-16 16:25:36,127 INFO chegg_wait_for_spinners
2016-06-16 16:25:36,155 INFO chegg_xdebug_checks
2016-06-16 16:25:36,169 INFO chegg_pixel_check
2016-06-16 16:25:36,225 INFO chegg_check_links
2016-06-16 16:25:36,231 INFO wait_for_page_to_load: 
2016-06-16 16:25:36,236 INFO wait_for_ready_state
2016-06-16 16:25:36,240 INFO chegg_wait_for_spinners
2016-06-16 16:25:36,251 INFO chegg_xdebug_checks
2016-06-16 16:25:36,255 INFO chegg_pixel_check
2016-06-16 16:25:36,296 INFO chegg_check_links
2016-06-16 16:25:36,301 INFO assert_images_loaded: 



</info></testcase><testcase classname="freshen.noseplugin.testing psychic search" name="5879 check header navigation" time="173.266"><info>
Console Output:

2016-06-16 16:25:37,356 INFO screenshot: '5879 check header navigation (before).png'
2016-06-16 16:25:38,169 INFO restarting selenium session
2016-06-16 16:25:40,611 INFO 
2016-06-16 16:25:40,612 INFO go_to: 'http://rc.live.test.cheggnet.com//?experiment=NONE0&amp;debug=experiment'
2016-06-16 16:25:44,306 INFO wait_for_ready_state
2016-06-16 16:25:44,312 INFO chegg_wait_for_spinners
2016-06-16 16:25:44,630 INFO chegg_xdebug_checks
2016-06-16 16:25:44,636 INFO chegg_pixel_check
2016-06-16 16:25:44,743 INFO chegg_check_links
2016-06-16 16:25:44,759 INFO click: 'BOOKS' index=0
2016-06-16 16:25:45,379 INFO wait_for_ready_state
2016-06-16 16:25:45,403 INFO chegg_wait_for_spinners
2016-06-16 16:25:45,492 INFO waiting on div.chg-content to be visible
2016-06-16 16:25:46,018 INFO chegg_xdebug_checks
2016-06-16 16:25:46,036 INFO chegg_pixel_check
2016-06-16 16:25:46,129 INFO chegg_check_links
2016-06-16 16:25:46,155 INFO assert_text_visible: 'Rent or buy textbooks or eTextbooks' case_sensitive=False
2016-06-16 16:25:46,794 INFO click: 'Rent / Buy Books' index=0
2016-06-16 16:25:47,036 INFO wait_for_ready_state
2016-06-16 16:25:47,041 INFO chegg_wait_for_spinners
2016-06-16 16:25:47,077 INFO waiting on div.chg-content to be visible
2016-06-16 16:25:48,787 INFO chegg_xdebug_checks
2016-06-16 16:25:48,791 INFO chegg_pixel_check
2016-06-16 16:25:48,825 INFO chegg_check_links
2016-06-16 16:25:48,835 INFO assert_text_visible: 'Rent or buy textbooks or eTextbooks' case_sensitive=False
2016-06-16 16:25:49,360 INFO click: 'Sell Books' index=0
2016-06-16 16:25:49,516 INFO wait_for_ready_state
2016-06-16 16:25:49,525 INFO chegg_wait_for_spinners
2016-06-16 16:25:49,536 INFO waiting on div.chg-content to be visible
2016-06-16 16:25:50,061 INFO chegg_xdebug_checks
2016-06-16 16:25:50,068 INFO chegg_pixel_check
2016-06-16 16:25:50,106 INFO chegg_check_links
2016-06-16 16:25:50,113 INFO assert_text_visible: 'Sell your used textbooks for money' case_sensitive=False
2016-06-16 16:25:50,649 INFO 
2016-06-16 16:25:50,649 INFO go_to: 'http://rc.live.test.cheggnet.com//?experiment=NONE0&amp;debug=experiment'
2016-06-16 16:25:52,409 INFO wait_for_ready_state
2016-06-16 16:25:52,414 INFO chegg_wait_for_spinners
2016-06-16 16:25:52,440 INFO chegg_xdebug_checks
2016-06-16 16:25:52,450 INFO chegg_pixel_check
2016-06-16 16:25:52,511 INFO chegg_check_links
2016-06-16 16:25:52,521 INFO click: 'STUDY' index=0
2016-06-16 16:25:52,885 INFO wait_for_ready_state
2016-06-16 16:25:52,890 INFO chegg_wait_for_spinners
2016-06-16 16:25:52,902 INFO waiting on div.chg-content to be visible
2016-06-16 16:25:55,121 INFO chegg_xdebug_checks
2016-06-16 16:25:55,126 INFO chegg_pixel_check
2016-06-16 16:25:55,178 INFO chegg_check_links
2016-06-16 16:25:55,186 INFO assert_text_visible: 'Unlock better grades with Chegg StudySM' case_sensitive=False
2016-06-16 16:25:55,716 INFO click: 'Textbook Solutions' index=0
2016-06-16 16:25:56,003 INFO wait_for_ready_state
2016-06-16 16:25:56,020 INFO chegg_wait_for_spinners
2016-06-16 16:25:56,034 INFO waiting on div.chg-content to be visible
2016-06-16 16:25:56,569 INFO waiting on div.chg-content to be visible
2016-06-16 16:25:57,116 INFO chegg_xdebug_checks
2016-06-16 16:25:57,134 INFO chegg_pixel_check
2016-06-16 16:25:57,248 INFO chegg_check_links
2016-06-16 16:25:57,258 INFO assert_elements_visible: ['.find-TBS.selected']
2016-06-16 16:25:57,340 INFO click: 'Expert Q&amp;A' index=0
2016-06-16 16:25:57,549 INFO wait_for_ready_state
2016-06-16 16:25:57,556 INFO chegg_wait_for_spinners
2016-06-16 16:25:57,566 INFO waiting on div.chg-content to be visible
2016-06-16 16:25:58,098 INFO chegg_xdebug_checks
2016-06-16 16:25:58,110 INFO chegg_pixel_check
2016-06-16 16:25:58,207 INFO chegg_check_links
2016-06-16 16:25:58,215 INFO assert_elements_visible: ['.ask-question.selected']
2016-06-16 16:25:58,277 INFO 
2016-06-16 16:25:58,278 INFO go_to: 'http://rc.live.test.cheggnet.com//?experiment=NONE0&amp;debug=experiment'
2016-06-16 16:25:59,645 INFO wait_for_ready_state
2016-06-16 16:25:59,652 INFO chegg_wait_for_spinners
2016-06-16 16:25:59,685 INFO chegg_xdebug_checks
2016-06-16 16:25:59,693 INFO chegg_pixel_check
2016-06-16 16:25:59,759 INFO chegg_check_links
2016-06-16 16:25:59,769 INFO click: 'TUTORS' index=0
2016-06-16 16:26:03,055 INFO wait_for_ready_state
2016-06-16 16:26:03,163 INFO chegg_wait_for_spinners
2016-06-16 16:26:03,388 INFO waiting on div.chg-content to be visible
2016-06-16 16:26:03,900 INFO waiting on div.chg-content to be visible
2016-06-16 16:26:04,413 INFO waiting on div.chg-content to be visible
2016-06-16 16:26:04,926 INFO waiting on div.chg-content to be visible
2016-06-16 16:26:05,442 INFO waiting on div.chg-content to be visible
2016-06-16 16:26:05,960 INFO waiting on div.chg-content to be visible
2016-06-16 16:26:06,475 INFO waiting on div.chg-content to be visible
2016-06-16 16:26:06,992 INFO waiting on div.chg-content to be visible
2016-06-16 16:26:07,502 INFO waiting on div.chg-content to be visible
2016-06-16 16:26:08,017 INFO waiting on div.chg-content to be visible
2016-06-16 16:26:08,535 INFO waiting on div.chg-content to be visible
2016-06-16 16:26:09,048 INFO waiting on div.chg-content to be visible
2016-06-16 16:26:09,563 INFO waiting on div.chg-content to be visible
2016-06-16 16:26:10,077 INFO waiting on div.chg-content to be visible
2016-06-16 16:26:10,588 INFO waiting on div.chg-content to be visible
2016-06-16 16:26:11,101 INFO waiting on div.chg-content to be visible
2016-06-16 16:26:11,612 INFO waiting on div.chg-content to be visible
2016-06-16 16:26:12,126 INFO waiting on div.chg-content to be visible
2016-06-16 16:26:12,636 INFO waiting on div.chg-content to be visible
2016-06-16 16:26:13,146 INFO waiting on div.chg-content to be visible
2016-06-16 16:26:13,659 INFO waiting on div.chg-content to be visible
2016-06-16 16:26:14,171 INFO waiting on div.chg-content to be visible
2016-06-16 16:26:14,681 INFO waiting on div.chg-content to be visible
2016-06-16 16:26:15,192 INFO waiting on div.chg-content to be visible
2016-06-16 16:26:15,703 INFO waiting on div.chg-content to be visible
2016-06-16 16:26:16,213 INFO waiting on div.chg-content to be visible
2016-06-16 16:26:16,724 INFO waiting on div.chg-content to be visible
2016-06-16 16:26:17,235 INFO waiting on div.chg-content to be visible
2016-06-16 16:26:17,749 INFO waiting on div.chg-content to be visible
2016-06-16 16:26:18,261 INFO waiting on div.chg-content to be visible
2016-06-16 16:26:18,775 INFO waiting on div.chg-content to be visible
2016-06-16 16:26:19,286 INFO waiting on div.chg-content to be visible
2016-06-16 16:26:19,799 INFO waiting on div.chg-content to be visible
2016-06-16 16:26:20,311 INFO waiting on div.chg-content to be visible
2016-06-16 16:26:20,820 INFO waiting on div.chg-content to be visible
2016-06-16 16:26:21,331 INFO waiting on div.chg-content to be visible
2016-06-16 16:26:21,842 INFO waiting on div.chg-content to be visible
2016-06-16 16:26:22,353 INFO waiting on div.chg-content to be visible
2016-06-16 16:26:22,864 INFO waiting on div.chg-content to be visible
2016-06-16 16:26:23,378 INFO waiting on div.chg-content to be visible
2016-06-16 16:26:23,889 INFO waiting on div.chg-content to be visible
2016-06-16 16:26:24,400 INFO waiting on div.chg-content to be visible
2016-06-16 16:26:24,914 INFO waiting on div.chg-content to be visible
2016-06-16 16:26:25,425 INFO waiting on div.chg-content to be visible
2016-06-16 16:26:25,933 INFO waiting on div.chg-content to be visible
2016-06-16 16:26:26,445 INFO waiting on div.chg-content to be visible
2016-06-16 16:26:26,955 INFO waiting on div.chg-content to be visible
2016-06-16 16:26:27,469 INFO waiting on div.chg-content to be visible
2016-06-16 16:26:27,985 INFO waiting on div.chg-content to be visible
2016-06-16 16:26:28,500 INFO waiting on div.chg-content to be visible
2016-06-16 16:26:29,010 INFO waiting on div.chg-content to be visible
2016-06-16 16:26:29,521 INFO waiting on div.chg-content to be visible
2016-06-16 16:26:30,036 INFO waiting on div.chg-content to be visible
2016-06-16 16:26:30,546 INFO waiting on div.chg-content to be visible
2016-06-16 16:26:31,058 INFO waiting on div.chg-content to be visible
2016-06-16 16:26:31,574 INFO waiting on div.chg-content to be visible
2016-06-16 16:26:32,085 INFO waiting on div.chg-content to be visible
2016-06-16 16:26:32,597 INFO waiting on div.chg-content to be visible
2016-06-16 16:26:33,112 INFO waiting on div.chg-content to be visible
2016-06-16 16:26:33,831 WARNING page redirection detected.
2016-06-16 16:26:33,832 INFO assert_url_contains: '/tutors'
2016-06-16 16:26:33,838 INFO assert_elements_visible: ['.find-tutor-now-btn']
2016-06-16 16:26:33,885 INFO 
2016-06-16 16:26:33,885 INFO go_to: 'http://rc.live.test.cheggnet.com//?experiment=NONE0&amp;debug=experiment'
2016-06-16 16:26:35,381 INFO wait_for_ready_state
2016-06-16 16:26:35,396 INFO chegg_wait_for_spinners
2016-06-16 16:26:35,436 INFO chegg_xdebug_checks
2016-06-16 16:26:35,444 INFO chegg_pixel_check
2016-06-16 16:26:35,503 INFO chegg_check_links
2016-06-16 16:26:35,513 INFO click: 'TEST PREP' index=0
2016-06-16 16:26:35,744 INFO wait_for_ready_state
2016-06-16 16:26:35,752 INFO chegg_wait_for_spinners
2016-06-16 16:26:35,767 INFO waiting on div.chg-content to be visible
2016-06-16 16:26:36,280 INFO waiting on div.chg-content to be visible
2016-06-16 16:26:36,793 INFO chegg_xdebug_checks
2016-06-16 16:26:36,801 INFO chegg_pixel_check
2016-06-16 16:26:36,845 INFO chegg_check_links
2016-06-16 16:26:36,853 INFO assert_text_visible: 'Chegg Test Prep' case_sensitive=False
2016-06-16 16:26:37,379 INFO click: 'SAT' index=0
2016-06-16 16:26:37,590 INFO wait_for_ready_state
2016-06-16 16:26:37,600 INFO chegg_wait_for_spinners
2016-06-16 16:26:37,614 INFO waiting on div.chg-content to be visible
2016-06-16 16:26:38,127 INFO waiting on div.chg-content to be visible
2016-06-16 16:26:38,646 INFO chegg_xdebug_checks
2016-06-16 16:26:38,651 INFO chegg_pixel_check
2016-06-16 16:26:38,717 INFO chegg_check_links
2016-06-16 16:26:38,725 INFO assert_text_visible: 'Rock your SAT' case_sensitive=False
2016-06-16 16:26:39,286 INFO click: 'ACT' index=0
2016-06-16 16:26:39,656 INFO wait_for_ready_state
2016-06-16 16:26:39,664 INFO chegg_wait_for_spinners
2016-06-16 16:26:39,680 INFO waiting on div.chg-content to be visible
2016-06-16 16:26:40,219 INFO chegg_xdebug_checks
2016-06-16 16:26:40,232 INFO chegg_pixel_check
2016-06-16 16:26:40,358 INFO chegg_check_links
2016-06-16 16:26:40,366 INFO assert_text_visible: 'Rock your ACT' case_sensitive=False
2016-06-16 16:26:40,918 INFO 
2016-06-16 16:26:40,918 INFO go_to: 'http://rc.live.test.cheggnet.com//?experiment=NONE0&amp;debug=experiment'
2016-06-16 16:26:42,471 INFO wait_for_ready_state
2016-06-16 16:26:42,531 INFO chegg_wait_for_spinners
2016-06-16 16:26:42,565 INFO chegg_xdebug_checks
2016-06-16 16:26:42,578 INFO chegg_pixel_check
2016-06-16 16:26:42,626 INFO chegg_check_links
2016-06-16 16:26:42,636 INFO click: 'COLLEGES' index=0
2016-06-16 16:26:42,857 INFO wait_for_ready_state
2016-06-16 16:26:42,864 INFO chegg_wait_for_spinners
2016-06-16 16:26:42,879 INFO waiting on div.chg-content to be visible
2016-06-16 16:26:47,110 INFO chegg_xdebug_checks
2016-06-16 16:26:47,122 INFO chegg_pixel_check
2016-06-16 16:26:47,182 INFO chegg_check_links
2016-06-16 16:26:47,192 INFO assert_text_visible: 'Which college is right for me?' case_sensitive=False
2016-06-16 16:26:47,722 INFO click: 'Explore' index=0
2016-06-16 16:26:48,009 INFO wait_for_ready_state
2016-06-16 16:26:48,018 INFO chegg_wait_for_spinners
2016-06-16 16:26:48,031 INFO waiting on div.chg-content to be visible
2016-06-16 16:26:48,766 INFO chegg_xdebug_checks
2016-06-16 16:26:49,008 INFO chegg_pixel_check
2016-06-16 16:26:49,116 INFO chegg_check_links
2016-06-16 16:26:49,132 INFO assert_elements_visible: ['.chgsec_header-explorecolleges.selected']
2016-06-16 16:26:49,220 INFO generating new user...
2016-06-16 16:26:49,220 INFO Creating user...
2016-06-16 16:26:49,395 INFO New user id:51280093
2016-06-16 16:27:50,333 INFO Created new user (51280093) with email (test_be_user_20160616162649220487@chegg.com) &amp; password (Testing1).
2016-06-16 16:27:50,730 INFO 
2016-06-16 16:27:50,730 INFO go_to: 'http://rc.live.test.cheggnet.com//auth?action=login&amp;experiment=NONE0&amp;debug=experiment'
2016-06-16 16:27:54,946 INFO wait_for_ready_state
2016-06-16 16:27:54,951 INFO chegg_wait_for_spinners
2016-06-16 16:27:54,977 INFO chegg_xdebug_checks
2016-06-16 16:27:54,982 INFO chegg_pixel_check
2016-06-16 16:27:55,019 INFO chegg_check_links
2016-06-16 16:27:55,024 INFO wait_for_page_to_load: 
2016-06-16 16:27:55,029 INFO wait_for_ready_state
2016-06-16 16:27:55,034 INFO chegg_wait_for_spinners
2016-06-16 16:27:55,042 INFO chegg_xdebug_checks
2016-06-16 16:27:55,048 INFO chegg_pixel_check
2016-06-16 16:27:55,084 INFO chegg_check_links
2016-06-16 16:27:55,090 INFO assert_images_loaded: 
2016-06-16 16:27:55,297 INFO wait_for_page_to_load: 
2016-06-16 16:27:55,301 INFO wait_for_ready_state
2016-06-16 16:27:55,304 INFO chegg_wait_for_spinners
2016-06-16 16:27:55,313 INFO chegg_xdebug_checks
2016-06-16 16:27:55,317 INFO chegg_pixel_check
2016-06-16 16:27:55,339 INFO chegg_check_links
2016-06-16 16:27:55,343 INFO assert_images_loaded: 
2016-06-16 16:27:55,373 INFO write_into: '.auth_collector_signin .email','test_be_user_20160616162649220487@chegg.com'
2016-06-16 16:27:55,841 INFO write_into: '.auth_collector_signin .password','Testing1'
2016-06-16 16:27:56,191 INFO click: 'submit'
2016-06-16 16:27:56,358 INFO wait_for_ready_state
2016-06-16 16:27:56,363 INFO chegg_wait_for_spinners
2016-06-16 16:27:56,372 INFO chegg_xdebug_checks
2016-06-16 16:27:56,377 INFO chegg_pixel_check
2016-06-16 16:27:56,408 INFO chegg_check_links
2016-06-16 16:27:56,413 INFO wait_for_page_to_load: 
2016-06-16 16:27:56,417 INFO wait_for_ready_state
2016-06-16 16:27:56,426 INFO chegg_wait_for_spinners
2016-06-16 16:27:56,437 INFO chegg_xdebug_checks
2016-06-16 16:27:56,442 INFO chegg_pixel_check
2016-06-16 16:27:56,481 INFO chegg_check_links
2016-06-16 16:27:56,490 INFO assert_images_loaded: 
2016-06-16 16:27:58,208 INFO wait_for_page_to_load: 
2016-06-16 16:27:58,295 INFO wait_for_ready_state
2016-06-16 16:27:58,316 INFO chegg_wait_for_spinners
2016-06-16 16:27:58,370 INFO chegg_xdebug_checks
2016-06-16 16:27:58,383 INFO chegg_pixel_check
2016-06-16 16:27:58,480 INFO chegg_check_links
2016-06-16 16:27:58,484 INFO assert_images_loaded: 
2016-06-16 16:27:58,641 INFO is_text_visible: 'My books &amp; solutions'
2016-06-16 16:27:59,260 INFO wait_for_page_to_load: 
2016-06-16 16:27:59,264 INFO wait_for_ready_state
2016-06-16 16:27:59,267 INFO chegg_wait_for_spinners
2016-06-16 16:27:59,277 INFO chegg_xdebug_checks
2016-06-16 16:27:59,282 INFO chegg_pixel_check
2016-06-16 16:27:59,315 INFO chegg_check_links
2016-06-16 16:27:59,324 INFO assert_images_loaded: 
2016-06-16 16:27:59,328 INFO Checking for Terms of use dialog...
2016-06-16 16:27:59,599 INFO 
2016-06-16 16:27:59,599 INFO go_to: 'http://rc.live.test.cheggnet.com//?experiment=NONE0&amp;debug=experiment'
2016-06-16 16:28:04,206 INFO wait_for_ready_state
2016-06-16 16:28:04,210 INFO chegg_wait_for_spinners
2016-06-16 16:28:04,327 INFO chegg_xdebug_checks
2016-06-16 16:28:04,348 INFO chegg_pixel_check
2016-06-16 16:28:04,397 INFO chegg_check_links
2016-06-16 16:28:04,415 INFO click: 'My List' index=0
2016-06-16 16:28:04,663 INFO wait_for_ready_state
2016-06-16 16:28:04,668 INFO chegg_wait_for_spinners
2016-06-16 16:28:04,678 INFO waiting on div.chg-content to be visible
2016-06-16 16:28:05,190 INFO waiting on div.chg-content to be visible
2016-06-16 16:28:05,920 INFO chegg_xdebug_checks
2016-06-16 16:28:05,936 INFO chegg_pixel_check
2016-06-16 16:28:06,077 INFO chegg_check_links
2016-06-16 16:28:06,098 INFO assert_elements_visible: ['.chgsec_header-mylist.selected']
2016-06-16 16:28:06,216 INFO click: 'Advice' index=0
2016-06-16 16:28:06,467 INFO wait_for_ready_state
2016-06-16 16:28:06,475 INFO chegg_wait_for_spinners
2016-06-16 16:28:06,486 INFO waiting on div.chg-content to be visible
2016-06-16 16:28:06,996 INFO waiting on div.chg-content to be visible
2016-06-16 16:28:07,509 INFO waiting on div.chg-content to be visible
2016-06-16 16:28:08,023 INFO waiting on div.chg-content to be visible
2016-06-16 16:28:08,539 INFO waiting on div.chg-content to be visible
2016-06-16 16:28:09,051 INFO waiting on div.chg-content to be visible
2016-06-16 16:28:09,563 INFO waiting on div.chg-content to be visible
2016-06-16 16:28:10,075 INFO waiting on div.chg-content to be visible
2016-06-16 16:28:10,589 INFO waiting on div.chg-content to be visible
2016-06-16 16:28:11,104 INFO waiting on div.chg-content to be visible
2016-06-16 16:28:11,614 INFO waiting on div.chg-content to be visible
2016-06-16 16:28:12,125 INFO waiting on div.chg-content to be visible
2016-06-16 16:28:12,636 INFO waiting on div.chg-content to be visible
2016-06-16 16:28:13,147 INFO waiting on div.chg-content to be visible
2016-06-16 16:28:13,657 INFO waiting on div.chg-content to be visible
2016-06-16 16:28:14,171 INFO waiting on div.chg-content to be visible
2016-06-16 16:28:14,686 INFO waiting on div.chg-content to be visible
2016-06-16 16:28:15,196 INFO waiting on div.chg-content to be visible
2016-06-16 16:28:15,707 INFO waiting on div.chg-content to be visible
2016-06-16 16:28:16,221 INFO waiting on div.chg-content to be visible
2016-06-16 16:28:16,732 INFO waiting on div.chg-content to be visible
2016-06-16 16:28:17,247 INFO waiting on div.chg-content to be visible
2016-06-16 16:28:17,760 INFO waiting on div.chg-content to be visible
2016-06-16 16:28:18,275 INFO waiting on div.chg-content to be visible
2016-06-16 16:28:18,788 INFO waiting on div.chg-content to be visible
2016-06-16 16:28:19,301 INFO waiting on div.chg-content to be visible
2016-06-16 16:28:19,814 INFO waiting on div.chg-content to be visible
2016-06-16 16:28:20,328 INFO waiting on div.chg-content to be visible
2016-06-16 16:28:20,843 INFO waiting on div.chg-content to be visible
2016-06-16 16:28:21,357 INFO waiting on div.chg-content to be visible
2016-06-16 16:28:21,867 INFO waiting on div.chg-content to be visible
2016-06-16 16:28:22,379 INFO waiting on div.chg-content to be visible
2016-06-16 16:28:22,893 INFO waiting on div.chg-content to be visible
2016-06-16 16:28:23,404 INFO waiting on div.chg-content to be visible
2016-06-16 16:28:23,917 INFO waiting on div.chg-content to be visible
2016-06-16 16:28:24,428 INFO waiting on div.chg-content to be visible
2016-06-16 16:28:24,939 INFO waiting on div.chg-content to be visible
2016-06-16 16:28:25,592 INFO chegg_xdebug_checks
2016-06-16 16:28:25,596 INFO chegg_pixel_check
2016-06-16 16:28:25,681 INFO chegg_check_links
2016-06-16 16:28:25,699 INFO assert_text_visible: 'Advice' case_sensitive=False
2016-06-16 16:28:26,235 INFO assert_elements_visible: ['.chgsec_header-advice.selected']
2016-06-16 16:28:28,857 INFO click: 'Scholarships' index=0
2016-06-16 16:28:29,132 INFO wait_for_ready_state
2016-06-16 16:28:29,144 INFO chegg_wait_for_spinners
2016-06-16 16:28:29,195 INFO waiting on div.chg-content to be visible
2016-06-16 16:28:29,709 INFO waiting on div.chg-content to be visible
2016-06-16 16:28:30,301 INFO chegg_xdebug_checks
2016-06-16 16:28:30,309 INFO chegg_pixel_check
2016-06-16 16:28:30,532 INFO chegg_check_links
2016-06-16 16:28:30,563 INFO assert_elements_visible: ['#scholarships.selected']



</info></testcase><testcase classname="freshen.noseplugin.test the Sign In page and feature." name="5865 automation test for SU cookie check" time="157.204"><info>
Console Output:

2016-06-16 16:28:31,012 INFO screenshot: '5865 automation test for SU cookie check (before).png'
2016-06-16 16:28:31,255 INFO restarting selenium session
2016-06-16 16:28:33,828 INFO generating new user...
2016-06-16 16:28:33,828 INFO Creating user...
2016-06-16 16:28:33,992 INFO New user id:51280097
2016-06-16 16:29:34,871 INFO Created new user (51280097) with email (test_be_user_20160616162833828066@chegg.com) &amp; password (Testing1).
2016-06-16 16:29:34,931 INFO 
2016-06-16 16:29:34,931 INFO go_to: 'http://rc.live.test.cheggnet.com//auth?action=login&amp;experiment=NONE0&amp;debug=experiment'
2016-06-16 16:29:40,899 INFO wait_for_ready_state
2016-06-16 16:29:40,908 INFO chegg_wait_for_spinners
2016-06-16 16:29:40,978 INFO chegg_xdebug_checks
2016-06-16 16:29:41,001 INFO chegg_pixel_check
2016-06-16 16:29:41,085 INFO chegg_check_links
2016-06-16 16:29:41,090 INFO wait_for_page_to_load: 
2016-06-16 16:29:41,096 INFO wait_for_ready_state
2016-06-16 16:29:41,101 INFO chegg_wait_for_spinners
2016-06-16 16:29:41,111 INFO chegg_xdebug_checks
2016-06-16 16:29:41,116 INFO chegg_pixel_check
2016-06-16 16:29:41,167 INFO chegg_check_links
2016-06-16 16:29:41,173 INFO assert_images_loaded: 
2016-06-16 16:29:41,425 INFO wait_for_page_to_load: 
2016-06-16 16:29:41,429 INFO wait_for_ready_state
2016-06-16 16:29:41,435 INFO chegg_wait_for_spinners
2016-06-16 16:29:41,443 INFO chegg_xdebug_checks
2016-06-16 16:29:41,447 INFO chegg_pixel_check
2016-06-16 16:29:41,479 INFO chegg_check_links
2016-06-16 16:29:41,487 INFO assert_images_loaded: 
2016-06-16 16:29:41,511 INFO write_into: '.auth_collector_signin .email','test_be_user_20160616162833828066@chegg.com'
2016-06-16 16:29:41,967 INFO write_into: '.auth_collector_signin .password','Testing1'
2016-06-16 16:29:42,275 INFO click: 'submit'
2016-06-16 16:29:42,440 INFO wait_for_ready_state
2016-06-16 16:29:42,444 INFO chegg_wait_for_spinners
2016-06-16 16:29:42,454 INFO chegg_xdebug_checks
2016-06-16 16:29:42,459 INFO chegg_pixel_check
2016-06-16 16:29:42,489 INFO chegg_check_links
2016-06-16 16:29:42,496 INFO wait_for_page_to_load: 
2016-06-16 16:29:42,504 INFO wait_for_ready_state
2016-06-16 16:29:42,509 INFO chegg_wait_for_spinners
2016-06-16 16:29:42,517 INFO chegg_xdebug_checks
2016-06-16 16:29:42,521 INFO chegg_pixel_check
2016-06-16 16:29:42,560 INFO chegg_check_links
2016-06-16 16:29:42,565 INFO assert_images_loaded: 
2016-06-16 16:29:42,569 INFO wait_for_page_to_load: 
2016-06-16 16:29:42,572 INFO wait_for_ready_state
2016-06-16 16:29:42,576 INFO chegg_wait_for_spinners
2016-06-16 16:29:42,584 INFO chegg_xdebug_checks
2016-06-16 16:29:42,588 INFO chegg_pixel_check
2016-06-16 16:29:42,618 INFO chegg_check_links
2016-06-16 16:29:42,622 INFO assert_images_loaded: 
2016-06-16 16:29:48,491 INFO is_text_visible: 'My books &amp; solutions'
2016-06-16 16:29:49,446 INFO wait_for_page_to_load: 
2016-06-16 16:29:49,451 INFO wait_for_ready_state
2016-06-16 16:29:49,456 INFO assert_images_loaded: 
2016-06-16 16:29:49,461 INFO Checking for Terms of use dialog...
2016-06-16 16:29:50,050 INFO assert_elements_visible: ['cheggHeaderAvatar']
2016-06-16 16:29:50,080 INFO Checking to see if on Chegg...
2016-06-16 16:29:51,418 INFO click: 'div.user-item.nav-item'
2016-06-16 16:29:51,595 INFO wait_for_ready_state
2016-06-16 16:29:51,600 INFO chegg_wait_for_spinners
2016-06-16 16:29:51,610 INFO chegg_xdebug_checks
2016-06-16 16:29:51,616 INFO chegg_pixel_check
2016-06-16 16:29:51,666 INFO chegg_check_links
2016-06-16 16:29:51,674 INFO click: 'a.track-signout'
2016-06-16 16:29:53,441 INFO wait_for_ready_state
2016-06-16 16:29:53,448 INFO chegg_wait_for_spinners
2016-06-16 16:29:53,582 INFO chegg_xdebug_checks
2016-06-16 16:29:53,591 INFO chegg_pixel_check
2016-06-16 16:29:53,698 INFO chegg_check_links
2016-06-16 16:29:53,707 INFO wait_for_page_to_load: 
2016-06-16 16:29:53,711 INFO wait_for_ready_state
2016-06-16 16:29:53,718 INFO chegg_wait_for_spinners
2016-06-16 16:29:53,736 INFO chegg_xdebug_checks
2016-06-16 16:29:53,744 INFO chegg_pixel_check
2016-06-16 16:29:53,790 INFO chegg_check_links
2016-06-16 16:29:53,798 INFO assert_images_loaded: 
2016-06-16 16:29:53,810 INFO assert_elements_not_visible: ['cheggHeaderAvatar']
2016-06-16 16:29:54,581 INFO generating new user...
2016-06-16 16:29:54,582 INFO Creating user...
2016-06-16 16:29:54,725 INFO New user id:51280107
2016-06-16 16:30:55,662 INFO Created new user (51280107) with email (test_be_user_20160616162954581824@chegg.com) &amp; password (Testing1).
2016-06-16 16:30:55,858 INFO 
2016-06-16 16:30:55,858 INFO go_to: 'http://rc.live.test.cheggnet.com//auth?action=login&amp;experiment=NONE0&amp;debug=experiment'
2016-06-16 16:30:58,325 INFO wait_for_ready_state
2016-06-16 16:30:58,330 INFO chegg_wait_for_spinners
2016-06-16 16:30:58,357 INFO chegg_xdebug_checks
2016-06-16 16:30:58,367 INFO chegg_pixel_check
2016-06-16 16:30:58,420 INFO chegg_check_links
2016-06-16 16:30:58,427 INFO wait_for_page_to_load: 
2016-06-16 16:30:58,439 INFO wait_for_ready_state
2016-06-16 16:30:58,446 INFO chegg_wait_for_spinners
2016-06-16 16:30:58,460 INFO chegg_xdebug_checks
2016-06-16 16:30:58,467 INFO chegg_pixel_check
2016-06-16 16:30:58,517 INFO chegg_check_links
2016-06-16 16:30:58,527 INFO assert_images_loaded: 
2016-06-16 16:30:58,795 INFO wait_for_page_to_load: 
2016-06-16 16:30:58,799 INFO wait_for_ready_state
2016-06-16 16:30:58,803 INFO chegg_wait_for_spinners
2016-06-16 16:30:58,811 INFO chegg_xdebug_checks
2016-06-16 16:30:58,816 INFO chegg_pixel_check
2016-06-16 16:30:58,848 INFO chegg_check_links
2016-06-16 16:30:58,857 INFO assert_images_loaded: 
2016-06-16 16:30:58,885 INFO write_into: '.auth_collector_signin .email','test_be_user_20160616162954581824@chegg.com'
2016-06-16 16:30:59,317 INFO write_into: '.auth_collector_signin .password','Testing1'
2016-06-16 16:30:59,638 INFO click: 'submit'
2016-06-16 16:30:59,797 INFO wait_for_ready_state
2016-06-16 16:30:59,802 INFO chegg_wait_for_spinners
2016-06-16 16:30:59,811 INFO chegg_xdebug_checks
2016-06-16 16:30:59,816 INFO chegg_pixel_check
2016-06-16 16:30:59,846 INFO chegg_check_links
2016-06-16 16:30:59,851 INFO wait_for_page_to_load: 
2016-06-16 16:30:59,854 INFO wait_for_ready_state
2016-06-16 16:30:59,861 INFO chegg_wait_for_spinners
2016-06-16 16:30:59,875 INFO chegg_xdebug_checks
2016-06-16 16:30:59,880 INFO chegg_pixel_check
2016-06-16 16:30:59,914 INFO chegg_check_links
2016-06-16 16:31:02,510 INFO assert_images_loaded: 
2016-06-16 16:31:02,644 INFO wait_for_page_to_load: 
2016-06-16 16:31:02,671 INFO wait_for_ready_state
2016-06-16 16:31:02,675 INFO chegg_wait_for_spinners
2016-06-16 16:31:02,715 INFO chegg_xdebug_checks
2016-06-16 16:31:02,720 INFO chegg_pixel_check
2016-06-16 16:31:02,768 INFO chegg_check_links
2016-06-16 16:31:02,773 INFO assert_images_loaded: 
2016-06-16 16:31:03,327 INFO is_text_visible: 'My books &amp; solutions'
2016-06-16 16:31:04,255 INFO wait_for_page_to_load: 
2016-06-16 16:31:04,259 INFO wait_for_ready_state
2016-06-16 16:31:04,263 INFO assert_images_loaded: 
2016-06-16 16:31:04,267 INFO Checking for Terms of use dialog...
2016-06-16 16:31:04,857 INFO assert_elements_visible: ['cheggHeaderAvatar']
2016-06-16 16:31:04,904 INFO Refreshing page...
2016-06-16 16:31:07,962 INFO wait_for_page_to_load: 
2016-06-16 16:31:08,054 INFO wait_for_ready_state
2016-06-16 16:31:08,059 INFO chegg_wait_for_spinners
2016-06-16 16:31:08,086 INFO chegg_xdebug_checks
2016-06-16 16:31:08,094 INFO chegg_pixel_check
2016-06-16 16:31:08,146 INFO chegg_check_links
2016-06-16 16:31:08,152 INFO assert_images_loaded: 
2016-06-16 16:31:08,158 INFO assert_elements_visible: ['cheggHeaderAvatar']



</info></testcase><testcase classname="freshen.noseplugin.test SIHP" name="5793 test search field, click send button" time="38.026"><error type="cheggtest.exceptions.CheggTestException">
Console Output:

2016-06-16 16:31:09,180 INFO screenshot: '5793 test search field, click send button (before).png'
2016-06-16 16:31:09,928 INFO restarting selenium session
2016-06-16 16:31:12,416 INFO 
2016-06-16 16:31:12,416 INFO go_to: 'http://rc.live.test.cheggnet.com//?experiment=A433B&amp;debug=experiment'
2016-06-16 16:31:16,740 INFO wait_for_ready_state
2016-06-16 16:31:16,746 INFO chegg_wait_for_spinners
2016-06-16 16:31:16,782 INFO chegg_xdebug_checks
2016-06-16 16:31:16,791 INFO chegg_pixel_check
2016-06-16 16:31:16,891 INFO chegg_check_links
2016-06-16 16:31:16,900 INFO assert_elements_visible: ['sihpHeaderSearchField']
2016-06-16 16:31:47,206 INFO 
2016-06-16 16:31:47,206 ERROR   File "/usr/local/lib/python2.7/site-packages/cheggtest-0.2.1462906634-py2.7.egg/cheggtest/steps.py", line 45, in subwrapper
2016-06-16 16:31:47,207 ERROR     return func(*_process_args(args), **kwargs)
2016-06-16 16:31:47,207 ERROR   File "/Users/sshrimali/git/core/Chegg.Site/test/fesite/site_steps.py", line 490, in then_should_see_elements
2016-06-16 16:31:47,207 ERROR     webtest.assert_elements_visible(elements)
2016-06-16 16:31:47,208 ERROR   File "/usr/local/lib/python2.7/site-packages/cheggtest-0.2.1462906634-py2.7.egg/cheggtest/logger.py", line 51, in wrap
2016-06-16 16:31:47,208 ERROR     return func(*args, **kwargs)
2016-06-16 16:31:47,208 ERROR   File "/usr/local/lib/python2.7/site-packages/cheggtest-0.2.1462906634-py2.7.egg/cheggtest/webtest/webtest.py", line 709, in assert_elements_visible
2016-06-16 16:31:47,208 ERROR     search_string)
2016-06-16 16:31:47,215 INFO Current browser cookies at /Users/sshrimali/git/core/Chegg.Site/test/results/result-1466119222/5793 test search field, click send button_browser_cookies.json
2016-06-16 16:31:47,229 INFO AJAX API Stacktrace: none

  File "/usr/local/lib/python2.7/site-packages/cheggtest-0.2.1462906634-py2.7.egg/cheggtest/steps.py", line 45, in subwrapper
    return func(*_process_args(args), **kwargs)
  File "/Users/sshrimali/git/core/Chegg.Site/test/fesite/site_steps.py", line 490, in then_should_see_elements
    webtest.assert_elements_visible(elements)
  File "/usr/local/lib/python2.7/site-packages/cheggtest-0.2.1462906634-py2.7.egg/cheggtest/logger.py", line 51, in wrap
    return func(*args, **kwargs)
  File "/usr/local/lib/python2.7/site-packages/cheggtest-0.2.1462906634-py2.7.egg/cheggtest/webtest/webtest.py", line 709, in assert_elements_visible
    search_string)
'unable to find element sihpHeaderSearchField\n\n@fid=8d0f78e\nFeature: test SIHP\n  @smoke_hp @regression @sid=3579d54 @bv=5 @smoke_new\n  Scenario: 5793 test search field, click send button\n     Then I go to chegg.com and set the experiment: A433B                       # fesite/site.sihp.feature:132 , PASSED\n       \\--&gt; Given I am at the http://rc.live.test.cheggnet.com//?experiment=A433B&amp;debug=experiment site# /cheggtest/websteps/websteps.py:16 , PASSED\n     Then I should see the element sihpHeaderSearchField                        # fesite/site.sihp.feature:134 , FAILED\n     Then I type Math into sihpHeaderSearchField                                # fesite/site.sihp.feature:135 \n     Then I click sihpHeaderSearchSendButton                                    # fesite/site.sihp.feature:137 \n     Then I should see the url contains /search/Math/federated?trackid=         # fesite/site.sihp.feature:138 '


</error></testcase><testcase classname="freshen.noseplugin.test the SOHP" name="5797 Test search on SOHP" time="58.781"><info>
Console Output:

2016-06-16 16:31:48,521 INFO screenshot: '5797 Test search on SOHP (before).png'
2016-06-16 16:31:49,531 INFO restarting selenium session
2016-06-16 16:31:52,005 INFO 
2016-06-16 16:31:52,005 INFO go_to: 'http://rc.live.test.cheggnet.com//?experiment=NONE0&amp;debug=experiment'
2016-06-16 16:31:56,426 INFO wait_for_ready_state
2016-06-16 16:31:56,433 INFO chegg_wait_for_spinners
2016-06-16 16:31:56,468 INFO chegg_xdebug_checks
2016-06-16 16:31:56,480 INFO chegg_pixel_check
2016-06-16 16:31:56,595 INFO chegg_check_links
2016-06-16 16:31:56,610 INFO Sleeping for 5 second(s)...
2016-06-16 16:32:01,725 INFO assert_elements_visible: ['div.chg-hdr-right-section .C-global-header-rightsection-usermenu a.signin-item.nav-item']
2016-06-16 16:32:32,222 INFO assert_text_visible: 'More' case_sensitive=False
2016-06-16 16:32:32,743 INFO click: 'div.more-item.nav-item' index=0
2016-06-16 16:32:32,885 INFO wait_for_ready_state
2016-06-16 16:32:32,892 INFO chegg_wait_for_spinners
2016-06-16 16:32:32,900 INFO chegg_xdebug_checks
2016-06-16 16:32:32,906 INFO chegg_pixel_check
2016-06-16 16:32:32,963 INFO chegg_check_links
2016-06-16 16:32:32,969 INFO assert_elements_visible: ['div.more-hover-content a.track-signin']
2016-06-16 16:32:32,997 INFO assert_text_visible: 'Find books, solutions, tutors and more...' case_sensitive=False
2016-06-16 16:32:33,559 INFO write_into: '#autosuggest-input','chemistry' index=0
2016-06-16 16:32:34,402 INFO assert_text_visible: 'Chemistry in Books' case_sensitive=False
2016-06-16 16:32:36,225 INFO assert_text_visible: 'Chemistry in TextBook Solutions' case_sensitive=False
2016-06-16 16:32:36,746 INFO assert_text_visible: 'Chemistry in Q&amp;A' case_sensitive=False
2016-06-16 16:32:37,267 INFO assert_text_visible: 'Chemistry in Tutors' case_sensitive=False
2016-06-16 16:32:37,786 INFO assert_elements_visible: ['div.C-common-search-result-category']
2016-06-16 16:32:37,817 INFO click: 'Find textbook solutions' index=0
2016-06-16 16:32:37,981 INFO wait_for_ready_state
2016-06-16 16:32:37,986 INFO chegg_wait_for_spinners
2016-06-16 16:32:38,003 INFO chegg_xdebug_checks
2016-06-16 16:32:38,010 INFO chegg_pixel_check
2016-06-16 16:32:38,058 INFO chegg_check_links
2016-06-16 16:32:38,103 INFO assert_text_visible: 'Chemistry in TextBook Solutions' case_sensitive=False
2016-06-16 16:32:38,644 INFO assert_elements_visible: ['div.C-common-search-result-category']
2016-06-16 16:32:38,674 INFO click: 'Ask a study question' index=0
2016-06-16 16:32:38,821 INFO wait_for_ready_state
2016-06-16 16:32:38,831 INFO chegg_wait_for_spinners
2016-06-16 16:32:38,839 INFO chegg_xdebug_checks
2016-06-16 16:32:38,845 INFO chegg_pixel_check
2016-06-16 16:32:38,882 INFO chegg_check_links
2016-06-16 16:32:38,891 INFO assert_text_visible: 'Chemistry in Q&amp;A' case_sensitive=False
2016-06-16 16:32:40,603 INFO assert_elements_visible: ['div.C-common-search-result-category']
2016-06-16 16:32:40,633 INFO click: 'Find an online tutor' index=0
2016-06-16 16:32:40,787 INFO wait_for_ready_state
2016-06-16 16:32:40,796 INFO chegg_wait_for_spinners
2016-06-16 16:32:40,806 INFO chegg_xdebug_checks
2016-06-16 16:32:40,812 INFO chegg_pixel_check
2016-06-16 16:32:40,856 INFO chegg_check_links
2016-06-16 16:32:40,866 INFO assert_text_visible: 'Chemistry in Tutors' case_sensitive=False
2016-06-16 16:32:42,540 INFO assert_elements_visible: ['div.C-common-search-result-tutor']
2016-06-16 16:32:42,571 INFO click: 'Rent or buy books' index=0
2016-06-16 16:32:42,738 INFO wait_for_ready_state
2016-06-16 16:32:42,744 INFO chegg_wait_for_spinners
2016-06-16 16:32:42,758 INFO chegg_xdebug_checks
2016-06-16 16:32:42,764 INFO chegg_pixel_check
2016-06-16 16:32:42,808 INFO chegg_check_links
2016-06-16 16:32:42,819 INFO assert_text_visible: 'Chemistry in Books' case_sensitive=False
2016-06-16 16:32:44,487 INFO assert_elements_visible: ['div.C-common-search-result-category']
2016-06-16 16:32:44,514 INFO click: 'div.result-info' index=0
2016-06-16 16:32:44,804 INFO wait_for_ready_state
2016-06-16 16:32:44,808 INFO chegg_wait_for_spinners
2016-06-16 16:32:44,823 INFO waiting on div.chg-content to be visible
2016-06-16 16:32:45,338 INFO waiting on div.chg-content to be visible
2016-06-16 16:32:45,912 INFO chegg_xdebug_checks
2016-06-16 16:32:45,992 INFO chegg_pixel_check
2016-06-16 16:32:46,772 INFO chegg_check_links
2016-06-16 16:32:46,777 INFO assert_url_contains: 'textbooks/chemistry'
2016-06-16 16:32:46,786 INFO assert_text_visible: 'Add to cart' case_sensitive=False



</info></testcase><testcase classname="freshen.noseplugin.study page" name="6042 search TBS" time="11.096"><info>
Console Output:

2016-06-16 16:32:47,820 INFO screenshot: '6042 search TBS (before).png'
2016-06-16 16:32:48,143 INFO restarting selenium session
2016-06-16 16:32:50,593 INFO 
2016-06-16 16:32:50,593 INFO go_to: 'http://rc.live.test.cheggnet.com/study/?action=signup&amp;experiment=NONE0&amp;debug=experiment'
2016-06-16 16:32:54,469 INFO wait_for_ready_state
2016-06-16 16:32:54,474 INFO chegg_wait_for_spinners
2016-06-16 16:32:54,759 INFO chegg_xdebug_checks
2016-06-16 16:32:54,790 INFO chegg_pixel_check
2016-06-16 16:32:54,855 INFO chegg_check_links
2016-06-16 16:32:54,861 INFO click: '.find-TBS' index=0
2016-06-16 16:32:55,052 INFO wait_for_ready_state
2016-06-16 16:32:55,057 INFO chegg_wait_for_spinners
2016-06-16 16:32:55,068 INFO chegg_xdebug_checks
2016-06-16 16:32:55,073 INFO chegg_pixel_check
2016-06-16 16:32:55,121 INFO chegg_check_links
2016-06-16 16:32:55,131 INFO write_into: 'autosuggest-input','Biology' index=0
2016-06-16 16:32:55,585 INFO assert_text_visible: 'Biology in Books' case_sensitive=False
2016-06-16 16:32:57,283 INFO assert_text_visible: 'Biology in Textbook Solution' case_sensitive=False
2016-06-16 16:32:57,802 INFO assert_text_visible: 'Biology in Q&amp;A' case_sensitive=False
2016-06-16 16:32:58,320 INFO assert_text_visible: 'Biology in Tutors' case_sensitive=False
2016-06-16 16:32:58,838 INFO assert_elements_visible: set(['.category-name span'])
2016-06-16 16:32:58,915 INFO Element '.category-name span' displays expected text: 'Textbook Solution'



</info></testcase><testcase classname="freshen.noseplugin.study page" name="6043 search Q&amp;A" time="6.360"><info>
Console Output:

2016-06-16 16:32:59,606 INFO screenshot: '6043 search Q&amp;A (before).png'
2016-06-16 16:33:00,099 INFO not restaring selenium session, suite still /Users/sshrimali/git/core/Chegg.Site/test/fesite/study.page.feature
2016-06-16 16:33:00,107 INFO 
2016-06-16 16:33:00,107 INFO go_to: 'http://rc.live.test.cheggnet.com/study/?action=signup&amp;experiment=NONE0&amp;debug=experiment'
2016-06-16 16:33:01,632 INFO wait_for_ready_state
2016-06-16 16:33:01,659 INFO chegg_wait_for_spinners
2016-06-16 16:33:01,743 INFO chegg_xdebug_checks
2016-06-16 16:33:01,756 INFO chegg_pixel_check
2016-06-16 16:33:01,821 INFO chegg_check_links
2016-06-16 16:33:01,826 INFO click: '.ask-question' index=0
2016-06-16 16:33:02,010 INFO wait_for_ready_state
2016-06-16 16:33:02,017 INFO chegg_wait_for_spinners
2016-06-16 16:33:02,030 INFO chegg_xdebug_checks
2016-06-16 16:33:02,036 INFO chegg_pixel_check
2016-06-16 16:33:02,094 INFO chegg_check_links
2016-06-16 16:33:02,099 INFO write_into: 'autosuggest-input','Biology' index=0
2016-06-16 16:33:02,572 INFO assert_text_visible: 'Biology in Books' case_sensitive=False
2016-06-16 16:33:04,324 INFO assert_text_visible: 'Biology in Textbook Solution' case_sensitive=False
2016-06-16 16:33:04,844 INFO assert_text_visible: 'Biology in Q&amp;A' case_sensitive=False
2016-06-16 16:33:05,365 INFO assert_text_visible: 'Biology in Tutors' case_sensitive=False
2016-06-16 16:33:05,883 INFO assert_elements_visible: set(['.category-name span'])
2016-06-16 16:33:05,965 INFO Element '.category-name span' displays expected text: 'Expert Q&amp;A'



</info></testcase><testcase classname="freshen.noseplugin.study page" name="6044 search Tutors" time="6.091"><info>
Console Output:

2016-06-16 16:33:06,426 INFO screenshot: '6044 search Tutors (before).png'
2016-06-16 16:33:06,872 INFO not restaring selenium session, suite still /Users/sshrimali/git/core/Chegg.Site/test/fesite/study.page.feature
2016-06-16 16:33:06,882 INFO 
2016-06-16 16:33:06,882 INFO go_to: 'http://rc.live.test.cheggnet.com/study/?action=signup&amp;experiment=NONE0&amp;debug=experiment'
2016-06-16 16:33:08,346 INFO wait_for_ready_state
2016-06-16 16:33:08,350 INFO chegg_wait_for_spinners
2016-06-16 16:33:08,375 INFO chegg_xdebug_checks
2016-06-16 16:33:08,383 INFO chegg_pixel_check
2016-06-16 16:33:08,428 INFO chegg_check_links
2016-06-16 16:33:08,438 INFO click: '.find-tutors' index=0
2016-06-16 16:33:08,619 INFO wait_for_ready_state
2016-06-16 16:33:08,629 INFO chegg_wait_for_spinners
2016-06-16 16:33:08,642 INFO chegg_xdebug_checks
2016-06-16 16:33:08,647 INFO chegg_pixel_check
2016-06-16 16:33:08,697 INFO chegg_check_links
2016-06-16 16:33:08,702 INFO write_into: 'autosuggest-input','Biology' index=0
2016-06-16 16:33:09,184 INFO assert_text_visible: 'Biology in Books' case_sensitive=False
2016-06-16 16:33:10,884 INFO assert_text_visible: 'Biology in Textbook Solution' case_sensitive=False
2016-06-16 16:33:11,401 INFO assert_text_visible: 'Biology in Q&amp;A' case_sensitive=False
2016-06-16 16:33:11,924 INFO assert_text_visible: 'Biology in Tutors' case_sensitive=False
2016-06-16 16:33:12,444 INFO assert_elements_visible: set(['.category-name span'])
2016-06-16 16:33:12,516 INFO Element '.category-name span' displays expected text: 'Tutors'



</info></testcase><testcase classname="freshen.noseplugin.ISBN Searching" name="5750 ISBN Searching" time="25.158"><info>
Console Output:

2016-06-16 16:33:12,962 INFO screenshot: '5750 ISBN Searching (before).png'
2016-06-16 16:33:13,425 INFO restarting selenium session
2016-06-16 16:33:15,818 INFO 
2016-06-16 16:33:15,818 INFO go_to: 'http://rc.live.test.cheggnet.com//?experiment=NONE0&amp;debug=experiment'
2016-06-16 16:33:20,499 INFO wait_for_ready_state
2016-06-16 16:33:20,506 INFO chegg_wait_for_spinners
2016-06-16 16:33:20,548 INFO chegg_xdebug_checks
2016-06-16 16:33:20,863 INFO chegg_pixel_check
2016-06-16 16:33:20,928 INFO chegg_check_links
2016-06-16 16:33:20,957 INFO 
2016-06-16 16:33:20,958 INFO go_to: 'http://rc.live.test.cheggnet.com/books#sell'
2016-06-16 16:33:23,222 INFO wait_for_ready_state
2016-06-16 16:33:23,228 INFO chegg_wait_for_spinners
2016-06-16 16:33:23,257 INFO chegg_xdebug_checks
2016-06-16 16:33:23,350 INFO chegg_pixel_check
2016-06-16 16:33:23,404 INFO chegg_check_links
2016-06-16 16:33:23,412 INFO write_into: '#autosuggest-input','0073383074' index=0
2016-06-16 16:33:23,958 INFO click: 'a.buyback-search-btn' index=0
2016-06-16 16:33:25,699 INFO wait_for_ready_state
2016-06-16 16:33:25,713 INFO chegg_wait_for_spinners
2016-06-16 16:33:25,790 INFO chegg_xdebug_checks
2016-06-16 16:33:25,794 INFO chegg_pixel_check
2016-06-16 16:33:25,842 INFO chegg_check_links
2016-06-16 16:33:25,849 INFO assert_text_visible: '0073383074' case_sensitive=False
2016-06-16 16:33:26,370 INFO click: 'Sell book' index=0
2016-06-16 16:33:30,374 INFO wait_for_ready_state
2016-06-16 16:33:30,379 INFO chegg_wait_for_spinners
2016-06-16 16:33:30,399 INFO chegg_xdebug_checks
2016-06-16 16:33:30,404 INFO chegg_pixel_check
2016-06-16 16:33:30,448 INFO chegg_check_links
2016-06-16 16:33:30,454 INFO assert_text_visible: 'Sign in' case_sensitive=False
2016-06-16 16:33:30,977 INFO 
2016-06-16 16:33:30,977 INFO go_to: 'http://rc.live.test.cheggnet.com/sell-textbooks'
2016-06-16 16:33:32,160 INFO wait_for_ready_state
2016-06-16 16:33:32,169 INFO chegg_wait_for_spinners
2016-06-16 16:33:32,217 INFO chegg_xdebug_checks
2016-06-16 16:33:32,240 INFO chegg_pixel_check
2016-06-16 16:33:32,316 INFO chegg_check_links
2016-06-16 16:33:32,321 INFO write_into: input[name='buyback_search'],'9780321782281' index=0
2016-06-16 16:33:32,620 INFO click: 'Get another quote' index=0
2016-06-16 16:33:34,252 INFO wait_for_ready_state
2016-06-16 16:33:34,258 INFO chegg_wait_for_spinners
2016-06-16 16:33:34,316 INFO chegg_xdebug_checks
2016-06-16 16:33:34,337 INFO chegg_pixel_check
2016-06-16 16:33:34,407 INFO chegg_check_links
2016-06-16 16:33:34,413 INFO assert_text_visible: '0073383074' case_sensitive=False
2016-06-16 16:33:34,935 INFO assert_text_visible: '9780321782281' case_sensitive=False
2016-06-16 16:33:35,451 INFO click: 'Sell books' index=0
2016-06-16 16:33:37,523 INFO wait_for_ready_state
2016-06-16 16:33:37,532 INFO chegg_wait_for_spinners
2016-06-16 16:33:37,552 INFO chegg_xdebug_checks
2016-06-16 16:33:37,557 INFO chegg_pixel_check
2016-06-16 16:33:37,597 INFO chegg_check_links
2016-06-16 16:33:37,603 INFO assert_text_visible: 'Sign in' case_sensitive=False



</info></testcase></testsuite>